Log file open, 01/25/20 12:41:14
LogWindows: Failed to load 'aqProf.dll' (GetLastError=126)
LogWindows: File 'aqProf.dll' does not exist
LogWindows: Failed to load 'VtuneApi.dll' (GetLastError=126)
LogWindows: File 'VtuneApi.dll' does not exist
LogWindows: Failed to load 'VtuneApi32e.dll' (GetLastError=126)
LogWindows: File 'VtuneApi32e.dll' does not exist
LogConsoleResponse: Display: Failed to find resolution value strings in scalability ini. Falling back to default.
LogInit: Display: Running engine for game: MagicSeaweed
LogPlatformFile: Not using cached read wrapper
LogTaskGraph: Started task graph with 5 named threads and 23 total threads with 3 sets of task threads.
LogStats: Stats thread started at 0.087260
LogD3D11RHI: Loaded GFSDK_Aftermath_Lib.x64.dll
LogICUInternationalization: ICU TimeZone Detection - Raw Offset: +1:00, Platform Override: ''
LogPluginManager: Mounting plugin Paper2D
LogPluginManager: Mounting plugin AISupport
LogPluginManager: Mounting plugin LightPropagationVolume
LogPluginManager: Mounting plugin ActorLayerUtilities
LogPluginManager: Mounting plugin AnimationSharing
LogPluginManager: Mounting plugin CLionSourceCodeAccess
LogPluginManager: Mounting plugin CodeLiteSourceCodeAccess
LogPluginManager: Mounting plugin GitSourceControl
LogPluginManager: Mounting plugin KDevelopSourceCodeAccess
LogPluginManager: Mounting plugin NullSourceCodeAccess
LogPluginManager: Mounting plugin PerforceSourceControl
LogPluginManager: Mounting plugin SubversionSourceControl
LogPluginManager: Mounting plugin UObjectPlugin
LogPluginManager: Mounting plugin VisualStudioCodeSourceCodeAccess
LogPluginManager: Mounting plugin VisualStudioSourceCodeAccess
LogPluginManager: Mounting plugin XCodeSourceCodeAccess
LogPluginManager: Mounting plugin AssetManagerEditor
LogPluginManager: Mounting plugin CryptoKeys
LogPluginManager: Mounting plugin CurveEditorTools
LogPluginManager: Mounting plugin DataValidation
LogPluginManager: Mounting plugin FacialAnimation
LogPluginManager: Mounting plugin GameplayTagsEditor
LogPluginManager: Mounting plugin MacGraphicsSwitching
LogPluginManager: Mounting plugin MaterialAnalyzer
LogPluginManager: Mounting plugin MobileLauncherProfileWizard
LogPluginManager: Mounting plugin PluginBrowser
LogPluginManager: Mounting plugin SpeedTreeImporter
LogPluginManager: Mounting plugin DatasmithContent
LogPluginManager: Mounting plugin VariantManagerContent
LogPluginManager: Mounting plugin AlembicImporter
LogPluginManager: Mounting plugin AutomationUtils
LogPluginManager: Mounting plugin BackChannel
LogPluginManager: Mounting plugin CharacterAI
LogPluginManager: Mounting plugin GeometryCache
LogPluginManager: Mounting plugin HTML5Networking
LogPluginManager: Mounting plugin PlatformCrypto
LogPluginManager: Mounting plugin ProxyLODPlugin
LogPluginManager: Mounting plugin RawInput
LogPluginManager: Mounting plugin SkeletalReduction
LogPluginManager: Mounting plugin MagicLeap
LogPluginManager: Mounting plugin MagicLeapMedia
LogPluginManager: Mounting plugin AndroidMedia
LogPluginManager: Mounting plugin AvfMedia
LogPluginManager: Mounting plugin ImgMedia
LogPluginManager: Mounting plugin MediaCompositing
LogPluginManager: Mounting plugin MediaPlayerEditor
LogPluginManager: Mounting plugin WebMMedia
LogPluginManager: Mounting plugin WmfMedia
LogPluginManager: Mounting plugin TcpMessaging
LogPluginManager: Mounting plugin UdpMessaging
LogPluginManager: Mounting plugin ActorSequence
LogPluginManager: Mounting plugin LevelSequenceEditor
LogPluginManager: Mounting plugin MatineeToLevelSequence
LogPluginManager: Mounting plugin NetcodeUnitTest
LogPluginManager: Mounting plugin NUTUnrealEngine4
LogPluginManager: Mounting plugin OnlineSubsystemGooglePlay
LogPluginManager: Mounting plugin OnlineSubsystemIOS
LogPluginManager: Mounting plugin OnlineSubsystem
LogPluginManager: Mounting plugin OnlineSubsystemNull
LogPluginManager: Mounting plugin OnlineSubsystemUtils
LogPluginManager: Mounting plugin LauncherChunkInstaller
LogPluginManager: Mounting plugin AndroidDeviceProfileSelector
LogPluginManager: Mounting plugin AndroidMoviePlayer
LogPluginManager: Mounting plugin AndroidPermission
LogPluginManager: Mounting plugin AppleImageUtils
LogPluginManager: Mounting plugin AppleMoviePlayer
LogPluginManager: Mounting plugin ArchVisCharacter
LogPluginManager: Mounting plugin AudioCapture
LogPluginManager: Mounting plugin CableComponent
LogPluginManager: Mounting plugin CustomMeshComponent
LogPluginManager: Mounting plugin EditableMesh
LogPluginManager: Mounting plugin ExampleDeviceProfileSelector
LogPluginManager: Mounting plugin GoogleCloudMessaging
LogPluginManager: Mounting plugin IOSDeviceProfileSelector
LogPluginManager: Mounting plugin LinuxDeviceProfileSelector
LogPluginManager: Mounting plugin LocationServicesBPLibrary
LogPluginManager: Mounting plugin MobilePatchingUtils
LogPluginManager: Mounting plugin OculusVR
LogPluginManager: Mounting plugin PhysXVehicles
LogPluginManager: Mounting plugin ProceduralMeshComponent
LogPluginManager: Mounting plugin RuntimePhysXCooking
LogPluginManager: Mounting plugin SignificanceManager
LogPluginManager: Mounting plugin SteamVR
LogPluginManager: Mounting plugin WebMMoviePlayer
LogPluginManager: Mounting plugin WindowsMoviePlayer
LogPluginManager: Mounting plugin ScreenshotTools
LogInit: Using libcurl 7.55.1-DEV
LogInit:  - built for x86_64-pc-win32
LogInit:  - supports SSL with OpenSSL/1.1.1
LogInit:  - supports HTTP deflate (compression) using libz 1.2.8
LogInit:  - other features:
LogInit:      CURL_VERSION_SSL
LogInit:      CURL_VERSION_LIBZ
LogInit:      CURL_VERSION_IPV6
LogInit:      CURL_VERSION_ASYNCHDNS
LogInit:      CURL_VERSION_LARGEFILE
LogInit:      CURL_VERSION_IDN
LogInit:  CurlRequestOptions (configurable via config and command line):
LogInit:  - bVerifyPeer = true  - Libcurl will verify peer certificate
LogInit:  - bUseHttpProxy = false  - Libcurl will NOT use HTTP proxy
LogInit:  - bDontReuseConnections = false  - Libcurl will reuse connections
LogInit:  - MaxHostConnections = 16  - Libcurl will limit the number of connections to a host
LogInit:  - LocalHostAddr = Default
LogInit:  - BufferSize = 65536
LogOnline: OSS: Creating online subsystem instance for: NULL
LogInit: WinSock: version 1.1 (2.2), MaxSocks=32767, MaxUdp=65467
LogInit: Build: ++UE4+Release-4.23-CL-9631420
LogInit: Engine Version: 4.23.1-9631420+++UE4+Release-4.23
LogInit: Compatible Engine Version: 4.23.0-8386587+++UE4+Release-4.23
LogInit: Net CL: 8386587
LogInit: OS: Windows 10 (Release 1903) (), CPU: Intel(R) Core(TM) i7-4790K CPU @ 4.00GHz, GPU: NVIDIA GeForce GTX 970
LogInit: Compiled (64-bit): Oct 18 2019 02:07:44
LogInit: Compiled with Visual C++: 19.16.27030.01
LogInit: Build Configuration: Development
LogInit: Branch Name: ++UE4+Release-4.23
LogInit: Command Line: 
LogInit: Base Directory: E:/Epic Games/UE_4.23/Engine/Binaries/Win64/
LogInit: Installed Engine Build: 1
LogDevObjectVersion: Number of dev versions registered: 23
LogDevObjectVersion:   Dev-Blueprints (B0D832E4-1F89-4F0D-ACCF-7EB736FD4AA2): 10
LogDevObjectVersion:   Dev-Build (E1C64328-A22C-4D53-A36C-8E866417BD8C): 0
LogDevObjectVersion:   Dev-Core (375EC13C-06E4-48FB-B500-84F0262A717E): 3
LogDevObjectVersion:   Dev-Editor (E4B068ED-F494-42E9-A231-DA0B2E46BB41): 34
LogDevObjectVersion:   Dev-Framework (CFFC743F-43B0-4480-9391-14DF171D2073): 35
LogDevObjectVersion:   Dev-Mobile (B02B49B5-BB20-44E9-A304-32B752E40360): 2
LogDevObjectVersion:   Dev-Networking (A4E4105C-59A1-49B5-A7C5-40C4547EDFEE): 0
LogDevObjectVersion:   Dev-Online (39C831C9-5AE6-47DC-9A44-9C173E1C8E7C): 0
LogDevObjectVersion:   Dev-Physics (78F01B33-EBEA-4F98-B9B4-84EACCB95AA2): 0
LogDevObjectVersion:   Dev-Platform (6631380F-2D4D-43E0-8009-CF276956A95A): 0
LogDevObjectVersion:   Dev-Rendering (12F88B9F-8875-4AFC-A67C-D90C383ABD29): 31
LogDevObjectVersion:   Dev-Sequencer (7B5AE74C-D270-4C10-A958-57980B212A5A): 11
LogDevObjectVersion:   Dev-VR (D7296918-1DD6-4BDD-9DE2-64A83CC13884): 2
LogDevObjectVersion:   Dev-LoadTimes (C2A15278-BFE7-4AFE-6C17-90FF531DF755): 1
LogDevObjectVersion:   Private-Geometry (6EACA3D4-40EC-4CC1-B786-8BED09428FC5): 3
LogDevObjectVersion:   Dev-AnimPhys (29E575DD-E0A3-4627-9D10-D276232CDCEA): 17
LogDevObjectVersion:   Dev-Anim (AF43A65D-7FD3-4947-9873-3E8ED9C1BB05): 2
LogDevObjectVersion:   Dev-ReflectionCapture (6B266CEC-1EC7-4B8F-A30B-E4D90942FC07): 1
LogDevObjectVersion:   Dev-Automation (0DF73D61-A23F-47EA-B727-89E90C41499A): 1
LogDevObjectVersion:   FortniteMain (601D1886-AC64-4F84-AA16-D3DE0DEAC7D6): 27
LogDevObjectVersion:   Dev-Enterprise (9DFFBCD6-494F-0158-E221-12823C92A888): 6
LogDevObjectVersion:   Dev-Niagara (F2AED0AC-9AFE-416F-8664-AA7FFA26D6FC): 1
LogDevObjectVersion:   Dev-Destruction (174F1F0B-B4C6-45A5-B13F-2EE8D0FB917D): 9
LogInit: Presizing for max 16777216 objects, including 0 objects not considered by GC, pre-allocating 0 bytes for permanent pool.
LogInit: Object subsystem initialized
LogConfig: Setting CVar [[con.DebugEarlyDefault:1]]
LogConfig: Setting CVar [[r.setres:1280x720]]
[2020.01.25-11.41.15:364][  0]LogConfig: Setting CVar [[r.VSync:0]]
[2020.01.25-11.41.15:364][  0]LogConfig: Setting CVar [[r.RHICmdBypass:0]]
[2020.01.25-11.41.15:364][  0]LogConfig: Applying CVar settings from Section [/Script/Engine.RendererSettings] File [F:/SNACK/MagicSeaweed/MagicSeaweed/Saved/Config/Windows/Engine.ini]
[2020.01.25-11.41.15:364][  0]LogConfig: Setting CVar [[r.GPUCrashDebugging:0]]
[2020.01.25-11.41.15:364][  0]LogConfig: Setting CVar [[r.MobileHDR:1]]
[2020.01.25-11.41.15:364][  0]LogConfig: Setting CVar [[r.Mobile.DisableVertexFog:1]]
[2020.01.25-11.41.15:364][  0]LogConfig: Setting CVar [[r.Shadow.CSM.MaxMobileCascades:2]]
[2020.01.25-11.41.15:364][  0]LogConfig: Setting CVar [[r.MobileMSAA:1]]
[2020.01.25-11.41.15:364][  0]LogConfig: Setting CVar [[r.Mobile.UseLegacyShadingModel:0]]
[2020.01.25-11.41.15:364][  0]LogConfig: Setting CVar [[r.Mobile.UseHWsRGBEncoding:0]]
[2020.01.25-11.41.15:364][  0]LogConfig: Setting CVar [[r.Mobile.AllowDitheredLODTransition:0]]
[2020.01.25-11.41.15:364][  0]LogConfig: Setting CVar [[r.Mobile.AllowSoftwareOcclusion:0]]
[2020.01.25-11.41.15:364][  0]LogConfig: Setting CVar [[r.DiscardUnusedQuality:0]]
[2020.01.25-11.41.15:364][  0]LogConfig: Setting CVar [[r.AllowOcclusionQueries:1]]
[2020.01.25-11.41.15:364][  0]LogConfig: Setting CVar [[r.MinScreenRadiusForLights:0.030000]]
[2020.01.25-11.41.15:364][  0]LogConfig: Setting CVar [[r.MinScreenRadiusForDepthPrepass:0.030000]]
[2020.01.25-11.41.15:364][  0]LogConfig: Setting CVar [[r.MinScreenRadiusForCSMDepth:0.010000]]
[2020.01.25-11.41.15:364][  0]LogConfig: Setting CVar [[r.PrecomputedVisibilityWarning:0]]
[2020.01.25-11.41.15:364][  0]LogConfig: Setting CVar [[r.TextureStreaming:1]]
[2020.01.25-11.41.15:364][  0]LogConfig: Setting CVar [[Compat.UseDXT5NormalMaps:0]]
[2020.01.25-11.41.15:364][  0]LogConfig: Setting CVar [[r.VirtualTextures:0]]
[2020.01.25-11.41.15:364][  0]LogConfig: Setting CVar [[r.VirtualTexturedLightmaps:0]]
[2020.01.25-11.41.15:364][  0]LogConfig: Setting CVar [[r.VT.TileSize:128]]
[2020.01.25-11.41.15:364][  0]LogConfig: Setting CVar [[r.VT.TileBorderSize:4]]
[2020.01.25-11.41.15:364][  0]LogConfig: Setting CVar [[r.vt.FeedbackFactor:16]]
[2020.01.25-11.41.15:364][  0]LogConfig: Setting CVar [[r.VT.EnableCompressZlib:1]]
[2020.01.25-11.41.15:365][  0]LogConfig: Setting CVar [[r.VT.EnableCompressCrunch:0]]
[2020.01.25-11.41.15:365][  0]LogConfig: Setting CVar [[r.ClearCoatNormal:0]]
[2020.01.25-11.41.15:365][  0]LogConfig: Setting CVar [[r.ReflectionCaptureResolution:128]]
[2020.01.25-11.41.15:365][  0]LogConfig: Setting CVar [[r.ReflectionEnvironmentLightmapMixBasedOnRoughness:1]]
[2020.01.25-11.41.15:365][  0]LogConfig: Setting CVar [[r.ForwardShading:0]]
[2020.01.25-11.41.15:365][  0]LogConfig: Setting CVar [[r.VertexFoggingForOpaque:1]]
[2020.01.25-11.41.15:365][  0]LogConfig: Setting CVar [[r.AllowStaticLighting:1]]
[2020.01.25-11.41.15:365][  0]LogConfig: Setting CVar [[r.NormalMapsForStaticLighting:0]]
[2020.01.25-11.41.15:365][  0]LogConfig: Setting CVar [[r.GenerateMeshDistanceFields:0]]
[2020.01.25-11.41.15:365][  0]LogConfig: Setting CVar [[r.DistanceFieldBuild.EightBit:0]]
[2020.01.25-11.41.15:365][  0]LogConfig: Setting CVar [[r.GenerateLandscapeGIData:0]]
[2020.01.25-11.41.15:365][  0]LogConfig: Setting CVar [[r.DistanceFieldBuild.Compress:0]]
[2020.01.25-11.41.15:365][  0]LogConfig: Setting CVar [[r.TessellationAdaptivePixelsPerTriangle:48.000000]]
[2020.01.25-11.41.15:365][  0]LogConfig: Setting CVar [[r.SeparateTranslucency:0]]
[2020.01.25-11.41.15:365][  0]LogConfig: Setting CVar [[r.TranslucentSortPolicy:0]]
[2020.01.25-11.41.15:365][  0]LogConfig: Setting CVar [[r.CustomDepth:1]]
[2020.01.25-11.41.15:365][  0]LogConfig: Setting CVar [[r.CustomDepthTemporalAAJitter:1]]
[2020.01.25-11.41.15:365][  0]LogConfig: Setting CVar [[r.PostProcessing.PropagateAlpha:0]]
[2020.01.25-11.41.15:365][  0]LogConfig: Setting CVar [[r.DefaultFeature.Bloom:1]]
[2020.01.25-11.41.15:365][  0]LogConfig: Setting CVar [[r.DefaultFeature.AmbientOcclusion:0]]
[2020.01.25-11.41.15:365][  0]LogConfig: Setting CVar [[r.DefaultFeature.AmbientOcclusionStaticFraction:1]]
[2020.01.25-11.41.15:365][  0]LogConfig: Setting CVar [[r.DefaultFeature.AutoExposure:0]]
[2020.01.25-11.41.15:365][  0]LogConfig: Setting CVar [[r.DefaultFeature.AutoExposure.Method:0]]
[2020.01.25-11.41.15:365][  0]LogConfig: Setting CVar [[r.DefaultFeature.AutoExposure.ExtendDefaultLuminanceRange:0]]
[2020.01.25-11.41.15:365][  0]LogConfig: Setting CVar [[r.UsePreExposure:1]]
[2020.01.25-11.41.15:365][  0]LogConfig: Setting CVar [[r.EyeAdaptation.EditorOnly:1]]
[2020.01.25-11.41.15:365][  0]LogConfig: Setting CVar [[r.DefaultFeature.MotionBlur:0]]
[2020.01.25-11.41.15:365][  0]LogConfig: Setting CVar [[r.DefaultFeature.LensFlare:0]]
[2020.01.25-11.41.15:365][  0]LogConfig: Setting CVar [[r.TemporalAA.Upsampling:0]]
[2020.01.25-11.41.15:365][  0]LogConfig: Setting CVar [[r.DefaultFeature.AntiAliasing:0]]
[2020.01.25-11.41.15:365][  0]LogConfig: Setting CVar [[r.DefaultFeature.LightUnits:1]]
[2020.01.25-11.41.15:365][  0]LogConfig: Setting CVar [[r.DefaultBackBufferPixelFormat:4]]
[2020.01.25-11.41.15:365][  0]LogConfig: Setting CVar [[r.Shadow.UnbuiltPreviewInGame:1]]
[2020.01.25-11.41.15:365][  0]LogConfig: Setting CVar [[r.StencilForLODDither:0]]
[2020.01.25-11.41.15:365][  0]LogConfig: Setting CVar [[r.EarlyZPass:3]]
[2020.01.25-11.41.15:365][  0]LogConfig: Setting CVar [[r.EarlyZPassOnlyMaterialMasking:0]]
[2020.01.25-11.41.15:365][  0]LogConfig: Setting CVar [[r.DBuffer:1]]
[2020.01.25-11.41.15:365][  0]LogConfig: Setting CVar [[r.ClearSceneMethod:1]]
[2020.01.25-11.41.15:365][  0]LogConfig: Setting CVar [[r.BasePassOutputsVelocity:0]]
[2020.01.25-11.41.15:365][  0]LogConfig: Setting CVar [[r.SelectiveBasePassOutputs:0]]
[2020.01.25-11.41.15:365][  0]LogConfig: Setting CVar [[fx.GPUSimulationTextureSizeX:1024]]
[2020.01.25-11.41.15:365][  0]LogConfig: Setting CVar [[fx.GPUSimulationTextureSizeY:1024]]
[2020.01.25-11.41.15:365][  0]LogConfig: Setting CVar [[r.AllowGlobalClipPlane:0]]
[2020.01.25-11.41.15:365][  0]LogConfig: Setting CVar [[r.GBufferFormat:1]]
[2020.01.25-11.41.15:366][  0]LogConfig: Setting CVar [[r.MorphTarget.Mode:1]]
[2020.01.25-11.41.15:366][  0]LogConfig: Setting CVar [[vr.InstancedStereo:0]]
[2020.01.25-11.41.15:366][  0]LogConfig: Setting CVar [[vr.MultiView:0]]
[2020.01.25-11.41.15:366][  0]LogConfig: Setting CVar [[vr.MobileMultiView:0]]
[2020.01.25-11.41.15:366][  0]LogConfig: Setting CVar [[vr.MobileMultiView.Direct:0]]
[2020.01.25-11.41.15:366][  0]LogConfig: Setting CVar [[vr.RoundRobinOcclusion:0]]
[2020.01.25-11.41.15:366][  0]LogConfig: Setting CVar [[vr.ODSCapture:0]]
[2020.01.25-11.41.15:366][  0]LogConfig: Setting CVar [[r.WireframeCullThreshold:5.000000]]
[2020.01.25-11.41.15:366][  0]LogConfig: Setting CVar [[r.RayTracing:0]]
[2020.01.25-11.41.15:366][  0]LogConfig: Setting CVar [[r.SupportStationarySkylight:1]]
[2020.01.25-11.41.15:366][  0]LogConfig: Setting CVar [[r.SupportLowQualityLightmaps:1]]
[2020.01.25-11.41.15:366][  0]LogConfig: Setting CVar [[r.SupportPointLightWholeSceneShadows:1]]
[2020.01.25-11.41.15:366][  0]LogConfig: Setting CVar [[r.SupportAtmosphericFog:1]]
[2020.01.25-11.41.15:366][  0]LogConfig: Setting CVar [[r.SkinCache.CompileShaders:0]]
[2020.01.25-11.41.15:366][  0]LogConfig: Setting CVar [[r.Mobile.EnableStaticAndCSMShadowReceivers:1]]
[2020.01.25-11.41.15:366][  0]LogConfig: Setting CVar [[r.Mobile.EnableMovableLightCSMShaderCulling:1]]
[2020.01.25-11.41.15:366][  0]LogConfig: Setting CVar [[r.Mobile.AllowDistanceFieldShadows:1]]
[2020.01.25-11.41.15:366][  0]LogConfig: Setting CVar [[r.Mobile.AllowMovableDirectionalLights:1]]
[2020.01.25-11.41.15:366][  0]LogConfig: Setting CVar [[r.MobileNumDynamicPointLights:4]]
[2020.01.25-11.41.15:366][  0]LogConfig: Setting CVar [[r.MobileDynamicPointLightsUseStaticBranch:1]]
[2020.01.25-11.41.15:366][  0]LogConfig: Setting CVar [[r.Mobile.EnableMovableSpotlights:0]]
[2020.01.25-11.41.15:366][  0]LogConfig: Setting CVar [[r.SkinCache.SceneMemoryLimitInMB:128.000000]]
[2020.01.25-11.41.15:366][  0]LogConfig: Setting CVar [[r.GPUSkin.Limit2BoneInfluences:0]]
[2020.01.25-11.41.15:366][  0]LogConfig: Setting CVar [[r.SupportDepthOnlyIndexBuffers:1]]
[2020.01.25-11.41.15:366][  0]LogConfig: Setting CVar [[r.SupportReversedIndexBuffers:1]]
[2020.01.25-11.41.15:366][  0]LogConfig: Setting CVar [[r.SupportMaterialLayers:0]]
[2020.01.25-11.41.15:366][  0]LogConfig: Applying CVar settings from Section [/Script/Engine.RendererOverrideSettings] File [F:/SNACK/MagicSeaweed/MagicSeaweed/Saved/Config/Windows/Engine.ini]
[2020.01.25-11.41.15:366][  0]LogConfig: Applying CVar settings from Section [/Script/Engine.StreamingSettings] File [F:/SNACK/MagicSeaweed/MagicSeaweed/Saved/Config/Windows/Engine.ini]
[2020.01.25-11.41.15:366][  0]LogConfig: Setting CVar [[s.MinBulkDataSizeForAsyncLoading:131072]]
[2020.01.25-11.41.15:366][  0]LogConfig: Setting CVar [[s.AsyncLoadingThreadEnabled:0]]
[2020.01.25-11.41.15:366][  0]LogConfig: Setting CVar [[s.EventDrivenLoaderEnabled:1]]
[2020.01.25-11.41.15:366][  0]LogConfig: Setting CVar [[s.WarnIfTimeLimitExceeded:0]]
[2020.01.25-11.41.15:366][  0]LogConfig: Setting CVar [[s.TimeLimitExceededMultiplier:1.5]]
[2020.01.25-11.41.15:366][  0]LogConfig: Setting CVar [[s.TimeLimitExceededMinTime:0.005]]
[2020.01.25-11.41.15:366][  0]LogConfig: Setting CVar [[s.UseBackgroundLevelStreaming:1]]
[2020.01.25-11.41.15:366][  0]LogConfig: Setting CVar [[s.PriorityAsyncLoadingExtraTime:15.0]]
[2020.01.25-11.41.15:366][  0]LogConfig: Setting CVar [[s.LevelStreamingActorsUpdateTimeLimit:5.0]]
[2020.01.25-11.41.15:366][  0]LogConfig: Setting CVar [[s.PriorityLevelStreamingActorsUpdateExtraTime:5.0]]
[2020.01.25-11.41.15:366][  0]LogConfig: Setting CVar [[s.LevelStreamingComponentsRegistrationGranularity:10]]
[2020.01.25-11.41.15:366][  0]LogConfig: Setting CVar [[s.UnregisterComponentsTimeLimit:1.0]]
[2020.01.25-11.41.15:366][  0]LogConfig: Setting CVar [[s.LevelStreamingComponentsUnregistrationGranularity:5]]
[2020.01.25-11.41.15:366][  0]LogConfig: Applying CVar settings from Section [/Script/Engine.GarbageCollectionSettings] File [F:/SNACK/MagicSeaweed/MagicSeaweed/Saved/Config/Windows/Engine.ini]
[2020.01.25-11.41.15:366][  0]LogConfig: Setting CVar [[gc.MaxObjectsNotConsideredByGC:1]]
[2020.01.25-11.41.15:366][  0]LogConfig: Setting CVar [[gc.SizeOfPermanentObjectPool:0]]
[2020.01.25-11.41.15:366][  0]LogConfig: Setting CVar [[gc.FlushStreamingOnGC:0]]
[2020.01.25-11.41.15:366][  0]LogConfig: Setting CVar [[gc.NumRetriesBeforeForcingGC:10]]
[2020.01.25-11.41.15:366][  0]LogConfig: Setting CVar [[gc.AllowParallelGC:1]]
[2020.01.25-11.41.15:366][  0]LogConfig: Setting CVar [[gc.TimeBetweenPurgingPendingKillObjects:61.1]]
[2020.01.25-11.41.15:366][  0]LogConfig: Setting CVar [[gc.MaxObjectsInEditor:16777216]]
[2020.01.25-11.41.15:366][  0]LogConfig: Setting CVar [[gc.IncrementalBeginDestroyEnabled:1]]
[2020.01.25-11.41.15:366][  0]LogConfig: Setting CVar [[gc.CreateGCClusters:1]]
[2020.01.25-11.41.15:366][  0]LogConfig: Setting CVar [[gc.MinGCClusterSize:5]]
[2020.01.25-11.41.15:366][  0]LogConfig: Setting CVar [[gc.ActorClusteringEnabled:0]]
[2020.01.25-11.41.15:366][  0]LogConfig: Setting CVar [[gc.BlueprintClusteringEnabled:0]]
[2020.01.25-11.41.15:366][  0]LogConfig: Setting CVar [[gc.UseDisregardForGCOnDedicatedServers:0]]
[2020.01.25-11.41.15:366][  0]LogConfig: Applying CVar settings from Section [/Script/Engine.NetworkSettings] File [F:/SNACK/MagicSeaweed/MagicSeaweed/Saved/Config/Windows/Engine.ini]
[2020.01.25-11.41.15:366][  0]LogConfig: Applying CVar settings from Section [/Script/UnrealEd.CookerSettings] File [F:/SNACK/MagicSeaweed/MagicSeaweed/Saved/Config/Windows/Engine.ini]
[2020.01.25-11.41.15:375][  0]LogConfig: Applying CVar settings from Section [ViewDistanceQuality@3] File [F:/SNACK/MagicSeaweed/MagicSeaweed/Saved/Config/Windows/Scalability.ini]
[2020.01.25-11.41.15:375][  0]LogConfig: Setting CVar [[r.SkeletalMeshLODBias:0]]
[2020.01.25-11.41.15:375][  0]LogConfig: Setting CVar [[r.ViewDistanceScale:1.0]]
[2020.01.25-11.41.15:375][  0]LogConfig: Applying CVar settings from Section [AntiAliasingQuality@3] File [F:/SNACK/MagicSeaweed/MagicSeaweed/Saved/Config/Windows/Scalability.ini]
[2020.01.25-11.41.15:375][  0]LogConfig: Setting CVar [[r.PostProcessAAQuality:4]]
[2020.01.25-11.41.15:375][  0]LogConfig: Applying CVar settings from Section [ShadowQuality@3] File [F:/SNACK/MagicSeaweed/MagicSeaweed/Saved/Config/Windows/Scalability.ini]
[2020.01.25-11.41.15:375][  0]LogConfig: Setting CVar [[r.LightFunctionQuality:1]]
[2020.01.25-11.41.15:375][  0]LogConfig: Setting CVar [[r.ShadowQuality:5]]
[2020.01.25-11.41.15:375][  0]LogConfig: Setting CVar [[r.Shadow.CSM.MaxCascades:10]]
[2020.01.25-11.41.15:375][  0]LogConfig: Setting CVar [[r.Shadow.MaxResolution:2048]]
[2020.01.25-11.41.15:375][  0]LogConfig: Setting CVar [[r.Shadow.MaxCSMResolution:2048]]
[2020.01.25-11.41.15:375][  0]LogConfig: Setting CVar [[r.Shadow.RadiusThreshold:0.01]]
[2020.01.25-11.41.15:375][  0]LogConfig: Setting CVar [[r.Shadow.DistanceScale:1.0]]
[2020.01.25-11.41.15:375][  0]LogConfig: Setting CVar [[r.Shadow.CSM.TransitionScale:1.0]]
[2020.01.25-11.41.15:375][  0]LogConfig: Setting CVar [[r.Shadow.PreShadowResolutionFactor:1.0]]
[2020.01.25-11.41.15:375][  0]LogConfig: Setting CVar [[r.DistanceFieldShadowing:1]]
[2020.01.25-11.41.15:375][  0]LogConfig: Setting CVar [[r.DistanceFieldAO:1]]
[2020.01.25-11.41.15:375][  0]LogConfig: Setting CVar [[r.AOQuality:2]]
[2020.01.25-11.41.15:375][  0]LogConfig: Setting CVar [[r.VolumetricFog:1]]
[2020.01.25-11.41.15:375][  0]LogConfig: Setting CVar [[r.VolumetricFog.GridPixelSize:8]]
[2020.01.25-11.41.15:375][  0]LogConfig: Setting CVar [[r.VolumetricFog.GridSizeZ:128]]
[2020.01.25-11.41.15:375][  0]LogConfig: Setting CVar [[r.VolumetricFog.HistoryMissSupersampleCount:4]]
[2020.01.25-11.41.15:375][  0]LogConfig: Setting CVar [[r.LightMaxDrawDistanceScale:1]]
[2020.01.25-11.41.15:375][  0]LogConfig: Setting CVar [[r.CapsuleShadows:1]]
[2020.01.25-11.41.15:375][  0]LogConfig: Applying CVar settings from Section [PostProcessQuality@3] File [F:/SNACK/MagicSeaweed/MagicSeaweed/Saved/Config/Windows/Scalability.ini]
[2020.01.25-11.41.15:375][  0]LogConfig: Setting CVar [[r.MotionBlurQuality:4]]
[2020.01.25-11.41.15:375][  0]LogConfig: Setting CVar [[r.AmbientOcclusionMipLevelFactor:0.4]]
[2020.01.25-11.41.15:375][  0]LogConfig: Setting CVar [[r.AmbientOcclusionMaxQuality:100]]
[2020.01.25-11.41.15:375][  0]LogConfig: Setting CVar [[r.AmbientOcclusionLevels:-1]]
[2020.01.25-11.41.15:375][  0]LogConfig: Setting CVar [[r.AmbientOcclusionRadiusScale:1.0]]
[2020.01.25-11.41.15:375][  0]LogConfig: Setting CVar [[r.DepthOfFieldQuality:2]]
[2020.01.25-11.41.15:375][  0]LogConfig: Setting CVar [[r.RenderTargetPoolMin:400]]
[2020.01.25-11.41.15:375][  0]LogConfig: Setting CVar [[r.LensFlareQuality:2]]
[2020.01.25-11.41.15:375][  0]LogConfig: Setting CVar [[r.SceneColorFringeQuality:1]]
[2020.01.25-11.41.15:375][  0]LogConfig: Setting CVar [[r.EyeAdaptationQuality:2]]
[2020.01.25-11.41.15:375][  0]LogConfig: Setting CVar [[r.BloomQuality:5]]
[2020.01.25-11.41.15:375][  0]LogConfig: Setting CVar [[r.FastBlurThreshold:100]]
[2020.01.25-11.41.15:375][  0]LogConfig: Setting CVar [[r.Upscale.Quality:3]]
[2020.01.25-11.41.15:375][  0]LogConfig: Setting CVar [[r.Tonemapper.GrainQuantization:1]]
[2020.01.25-11.41.15:376][  0]LogConfig: Setting CVar [[r.LightShaftQuality:1]]
[2020.01.25-11.41.15:376][  0]LogConfig: Setting CVar [[r.Filter.SizeScale:1]]
[2020.01.25-11.41.15:376][  0]LogConfig: Setting CVar [[r.Tonemapper.Quality:5]]
[2020.01.25-11.41.15:376][  0]LogConfig: Setting CVar [[r.DOF.Gather.AccumulatorQuality:1        ; higher gathering accumulator quality]]
[2020.01.25-11.41.15:376][  0]LogConfig: Setting CVar [[r.DOF.Gather.PostfilterMethod:1          ; Median3x3 postfilering method]]
[2020.01.25-11.41.15:376][  0]LogConfig: Setting CVar [[r.DOF.Gather.EnableBokehSettings:0       ; no bokeh simulation when gathering]]
[2020.01.25-11.41.15:376][  0]LogConfig: Setting CVar [[r.DOF.Gather.RingCount:4                 ; medium number of samples when gathering]]
[2020.01.25-11.41.15:376][  0]LogConfig: Setting CVar [[r.DOF.Scatter.ForegroundCompositing:1    ; additive foreground scattering]]
[2020.01.25-11.41.15:376][  0]LogConfig: Setting CVar [[r.DOF.Scatter.BackgroundCompositing:2    ; additive background scattering]]
[2020.01.25-11.41.15:376][  0]LogConfig: Setting CVar [[r.DOF.Scatter.EnableBokehSettings:1      ; bokeh simulation when scattering]]
[2020.01.25-11.41.15:376][  0]LogConfig: Setting CVar [[r.DOF.Scatter.MaxSpriteRatio:0.1         ; only a maximum of 10% of scattered bokeh]]
[2020.01.25-11.41.15:376][  0]LogConfig: Setting CVar [[r.DOF.Recombine.Quality:1                ; cheap slight out of focus]]
[2020.01.25-11.41.15:376][  0]LogConfig: Setting CVar [[r.DOF.Recombine.EnableBokehSettings:0    ; no bokeh simulation on slight out of focus]]
[2020.01.25-11.41.15:376][  0]LogConfig: Setting CVar [[r.DOF.TemporalAAQuality:1                ; more stable temporal accumulation]]
[2020.01.25-11.41.15:376][  0]LogConfig: Setting CVar [[r.DOF.Kernel.MaxForegroundRadius:0.025]]
[2020.01.25-11.41.15:376][  0]LogConfig: Setting CVar [[r.DOF.Kernel.MaxBackgroundRadius:0.025]]
[2020.01.25-11.41.15:376][  0]LogConfig: Applying CVar settings from Section [TextureQuality@3] File [F:/SNACK/MagicSeaweed/MagicSeaweed/Saved/Config/Windows/Scalability.ini]
[2020.01.25-11.41.15:376][  0]LogConfig: Setting CVar [[r.Streaming.MipBias:0]]
[2020.01.25-11.41.15:376][  0]LogConfig: Setting CVar [[r.Streaming.AmortizeCPUToGPUCopy:0]]
[2020.01.25-11.41.15:376][  0]LogConfig: Setting CVar [[r.Streaming.MaxNumTexturesToStreamPerFrame:0]]
[2020.01.25-11.41.15:376][  0]LogConfig: Setting CVar [[r.Streaming.Boost:1]]
[2020.01.25-11.41.15:376][  0]LogConfig: Setting CVar [[r.MaxAnisotropy:8]]
[2020.01.25-11.41.15:376][  0]LogConfig: Setting CVar [[r.Streaming.LimitPoolSizeToVRAM:0]]
[2020.01.25-11.41.15:376][  0]LogConfig: Setting CVar [[r.Streaming.PoolSize:1000]]
[2020.01.25-11.41.15:376][  0]LogConfig: Setting CVar [[r.Streaming.MaxEffectiveScreenSize:0]]
[2020.01.25-11.41.15:376][  0]LogConfig: Applying CVar settings from Section [EffectsQuality@3] File [F:/SNACK/MagicSeaweed/MagicSeaweed/Saved/Config/Windows/Scalability.ini]
[2020.01.25-11.41.15:376][  0]LogConfig: Setting CVar [[r.TranslucencyLightingVolumeDim:64]]
[2020.01.25-11.41.15:376][  0]LogConfig: Setting CVar [[r.RefractionQuality:2]]
[2020.01.25-11.41.15:376][  0]LogConfig: Setting CVar [[r.SSR.Quality:3]]
[2020.01.25-11.41.15:376][  0]LogConfig: Setting CVar [[r.SceneColorFormat:4]]
[2020.01.25-11.41.15:376][  0]LogConfig: Setting CVar [[r.DetailMode:2]]
[2020.01.25-11.41.15:376][  0]LogConfig: Setting CVar [[r.TranslucencyVolumeBlur:1]]
[2020.01.25-11.41.15:376][  0]LogConfig: Setting CVar [[r.MaterialQualityLevel:1 ; High quality]]
[2020.01.25-11.41.15:376][  0]LogConfig: Setting CVar [[r.SSS.Scale:1]]
[2020.01.25-11.41.15:376][  0]LogConfig: Setting CVar [[r.SSS.SampleSet:2]]
[2020.01.25-11.41.15:376][  0]LogConfig: Setting CVar [[r.SSS.Quality:1]]
[2020.01.25-11.41.15:376][  0]LogConfig: Setting CVar [[r.SSS.HalfRes:1]]
[2020.01.25-11.41.15:376][  0]LogConfig: Setting CVar [[r.EmitterSpawnRateScale:1.0]]
[2020.01.25-11.41.15:376][  0]LogConfig: Setting CVar [[r.ParticleLightQuality:2]]
[2020.01.25-11.41.15:376][  0]LogConfig: Applying CVar settings from Section [FoliageQuality@3] File [F:/SNACK/MagicSeaweed/MagicSeaweed/Saved/Config/Windows/Scalability.ini]
[2020.01.25-11.41.15:376][  0]LogConfig: Setting CVar [[foliage.DensityScale:1.0]]
[2020.01.25-11.41.15:376][  0]LogConfig: Setting CVar [[grass.DensityScale:1.0]]
[2020.01.25-11.41.15:376][  0]LogInit: Selected Device Profile: [Windows]
[2020.01.25-11.41.15:376][  0]LogInit: Applying CVar settings loaded from the selected device profile: [Windows]
[2020.01.25-11.41.15:448][  0]LogHAL: Display: Platform has ~ 16 GB [17095188480 / 17179869184 / 16], which maps to Larger [LargestMinGB=32, LargerMinGB=12, DefaultMinGB=8, SmallerMinGB=6, SmallestMinGB=0)
[2020.01.25-11.41.15:448][  0]LogInit: Going up to parent DeviceProfile []
[2020.01.25-11.41.15:449][  0]LogConfig: Applying CVar settings from Section [ViewDistanceQuality@3] File [F:/SNACK/MagicSeaweed/MagicSeaweed/Saved/Config/Windows/Scalability.ini]
[2020.01.25-11.41.15:449][  0]LogConfig: Setting CVar [[r.SkeletalMeshLODBias:0]]
[2020.01.25-11.41.15:449][  0]LogConfig: Setting CVar [[r.ViewDistanceScale:1.0]]
[2020.01.25-11.41.15:449][  0]LogConfig: Applying CVar settings from Section [AntiAliasingQuality@3] File [F:/SNACK/MagicSeaweed/MagicSeaweed/Saved/Config/Windows/Scalability.ini]
[2020.01.25-11.41.15:449][  0]LogConfig: Setting CVar [[r.PostProcessAAQuality:4]]
[2020.01.25-11.41.15:449][  0]LogConfig: Applying CVar settings from Section [ShadowQuality@3] File [F:/SNACK/MagicSeaweed/MagicSeaweed/Saved/Config/Windows/Scalability.ini]
[2020.01.25-11.41.15:449][  0]LogConfig: Setting CVar [[r.LightFunctionQuality:1]]
[2020.01.25-11.41.15:449][  0]LogConfig: Setting CVar [[r.ShadowQuality:5]]
[2020.01.25-11.41.15:449][  0]LogConfig: Setting CVar [[r.Shadow.CSM.MaxCascades:10]]
[2020.01.25-11.41.15:449][  0]LogConfig: Setting CVar [[r.Shadow.MaxResolution:2048]]
[2020.01.25-11.41.15:449][  0]LogConfig: Setting CVar [[r.Shadow.MaxCSMResolution:2048]]
[2020.01.25-11.41.15:449][  0]LogConfig: Setting CVar [[r.Shadow.RadiusThreshold:0.01]]
[2020.01.25-11.41.15:449][  0]LogConfig: Setting CVar [[r.Shadow.DistanceScale:1.0]]
[2020.01.25-11.41.15:449][  0]LogConfig: Setting CVar [[r.Shadow.CSM.TransitionScale:1.0]]
[2020.01.25-11.41.15:449][  0]LogConfig: Setting CVar [[r.Shadow.PreShadowResolutionFactor:1.0]]
[2020.01.25-11.41.15:449][  0]LogConfig: Setting CVar [[r.DistanceFieldShadowing:1]]
[2020.01.25-11.41.15:449][  0]LogConfig: Setting CVar [[r.DistanceFieldAO:1]]
[2020.01.25-11.41.15:449][  0]LogConfig: Setting CVar [[r.AOQuality:2]]
[2020.01.25-11.41.15:449][  0]LogConfig: Setting CVar [[r.VolumetricFog:1]]
[2020.01.25-11.41.15:449][  0]LogConfig: Setting CVar [[r.VolumetricFog.GridPixelSize:8]]
[2020.01.25-11.41.15:449][  0]LogConfig: Setting CVar [[r.VolumetricFog.GridSizeZ:128]]
[2020.01.25-11.41.15:449][  0]LogConfig: Setting CVar [[r.VolumetricFog.HistoryMissSupersampleCount:4]]
[2020.01.25-11.41.15:449][  0]LogConfig: Setting CVar [[r.LightMaxDrawDistanceScale:1]]
[2020.01.25-11.41.15:449][  0]LogConfig: Setting CVar [[r.CapsuleShadows:1]]
[2020.01.25-11.41.15:449][  0]LogConfig: Applying CVar settings from Section [PostProcessQuality@3] File [F:/SNACK/MagicSeaweed/MagicSeaweed/Saved/Config/Windows/Scalability.ini]
[2020.01.25-11.41.15:449][  0]LogConfig: Setting CVar [[r.MotionBlurQuality:4]]
[2020.01.25-11.41.15:449][  0]LogConfig: Setting CVar [[r.AmbientOcclusionMipLevelFactor:0.4]]
[2020.01.25-11.41.15:449][  0]LogConfig: Setting CVar [[r.AmbientOcclusionMaxQuality:100]]
[2020.01.25-11.41.15:449][  0]LogConfig: Setting CVar [[r.AmbientOcclusionLevels:-1]]
[2020.01.25-11.41.15:449][  0]LogConfig: Setting CVar [[r.AmbientOcclusionRadiusScale:1.0]]
[2020.01.25-11.41.15:449][  0]LogConfig: Setting CVar [[r.DepthOfFieldQuality:2]]
[2020.01.25-11.41.15:449][  0]LogConfig: Setting CVar [[r.RenderTargetPoolMin:400]]
[2020.01.25-11.41.15:449][  0]LogConfig: Setting CVar [[r.LensFlareQuality:2]]
[2020.01.25-11.41.15:449][  0]LogConfig: Setting CVar [[r.SceneColorFringeQuality:1]]
[2020.01.25-11.41.15:449][  0]LogConfig: Setting CVar [[r.EyeAdaptationQuality:2]]
[2020.01.25-11.41.15:449][  0]LogConfig: Setting CVar [[r.BloomQuality:5]]
[2020.01.25-11.41.15:449][  0]LogConfig: Setting CVar [[r.FastBlurThreshold:100]]
[2020.01.25-11.41.15:449][  0]LogConfig: Setting CVar [[r.Upscale.Quality:3]]
[2020.01.25-11.41.15:449][  0]LogConfig: Setting CVar [[r.Tonemapper.GrainQuantization:1]]
[2020.01.25-11.41.15:449][  0]LogConfig: Setting CVar [[r.LightShaftQuality:1]]
[2020.01.25-11.41.15:449][  0]LogConfig: Setting CVar [[r.Filter.SizeScale:1]]
[2020.01.25-11.41.15:449][  0]LogConfig: Setting CVar [[r.Tonemapper.Quality:5]]
[2020.01.25-11.41.15:449][  0]LogConfig: Setting CVar [[r.DOF.Gather.AccumulatorQuality:1        ; higher gathering accumulator quality]]
[2020.01.25-11.41.15:449][  0]LogConfig: Setting CVar [[r.DOF.Gather.PostfilterMethod:1          ; Median3x3 postfilering method]]
[2020.01.25-11.41.15:449][  0]LogConfig: Setting CVar [[r.DOF.Gather.EnableBokehSettings:0       ; no bokeh simulation when gathering]]
[2020.01.25-11.41.15:449][  0]LogConfig: Setting CVar [[r.DOF.Gather.RingCount:4                 ; medium number of samples when gathering]]
[2020.01.25-11.41.15:449][  0]LogConfig: Setting CVar [[r.DOF.Scatter.ForegroundCompositing:1    ; additive foreground scattering]]
[2020.01.25-11.41.15:450][  0]LogConfig: Setting CVar [[r.DOF.Scatter.BackgroundCompositing:2    ; additive background scattering]]
[2020.01.25-11.41.15:450][  0]LogConfig: Setting CVar [[r.DOF.Scatter.EnableBokehSettings:1      ; bokeh simulation when scattering]]
[2020.01.25-11.41.15:450][  0]LogConfig: Setting CVar [[r.DOF.Scatter.MaxSpriteRatio:0.1         ; only a maximum of 10% of scattered bokeh]]
[2020.01.25-11.41.15:450][  0]LogConfig: Setting CVar [[r.DOF.Recombine.Quality:1                ; cheap slight out of focus]]
[2020.01.25-11.41.15:450][  0]LogConfig: Setting CVar [[r.DOF.Recombine.EnableBokehSettings:0    ; no bokeh simulation on slight out of focus]]
[2020.01.25-11.41.15:450][  0]LogConfig: Setting CVar [[r.DOF.TemporalAAQuality:1                ; more stable temporal accumulation]]
[2020.01.25-11.41.15:450][  0]LogConfig: Setting CVar [[r.DOF.Kernel.MaxForegroundRadius:0.025]]
[2020.01.25-11.41.15:450][  0]LogConfig: Setting CVar [[r.DOF.Kernel.MaxBackgroundRadius:0.025]]
[2020.01.25-11.41.15:450][  0]LogConfig: Applying CVar settings from Section [TextureQuality@3] File [F:/SNACK/MagicSeaweed/MagicSeaweed/Saved/Config/Windows/Scalability.ini]
[2020.01.25-11.41.15:450][  0]LogConfig: Setting CVar [[r.Streaming.MipBias:0]]
[2020.01.25-11.41.15:450][  0]LogConfig: Setting CVar [[r.Streaming.AmortizeCPUToGPUCopy:0]]
[2020.01.25-11.41.15:450][  0]LogConfig: Setting CVar [[r.Streaming.MaxNumTexturesToStreamPerFrame:0]]
[2020.01.25-11.41.15:450][  0]LogConfig: Setting CVar [[r.Streaming.Boost:1]]
[2020.01.25-11.41.15:450][  0]LogConfig: Setting CVar [[r.MaxAnisotropy:8]]
[2020.01.25-11.41.15:450][  0]LogConfig: Setting CVar [[r.Streaming.LimitPoolSizeToVRAM:0]]
[2020.01.25-11.41.15:450][  0]LogConfig: Setting CVar [[r.Streaming.PoolSize:1000]]
[2020.01.25-11.41.15:450][  0]LogConfig: Setting CVar [[r.Streaming.MaxEffectiveScreenSize:0]]
[2020.01.25-11.41.15:450][  0]LogConfig: Applying CVar settings from Section [EffectsQuality@3] File [F:/SNACK/MagicSeaweed/MagicSeaweed/Saved/Config/Windows/Scalability.ini]
[2020.01.25-11.41.15:450][  0]LogConfig: Setting CVar [[r.TranslucencyLightingVolumeDim:64]]
[2020.01.25-11.41.15:450][  0]LogConfig: Setting CVar [[r.RefractionQuality:2]]
[2020.01.25-11.41.15:450][  0]LogConfig: Setting CVar [[r.SSR.Quality:3]]
[2020.01.25-11.41.15:450][  0]LogConfig: Setting CVar [[r.SceneColorFormat:4]]
[2020.01.25-11.41.15:450][  0]LogConfig: Setting CVar [[r.DetailMode:2]]
[2020.01.25-11.41.15:450][  0]LogConfig: Setting CVar [[r.TranslucencyVolumeBlur:1]]
[2020.01.25-11.41.15:450][  0]LogConfig: Setting CVar [[r.MaterialQualityLevel:1 ; High quality]]
[2020.01.25-11.41.15:450][  0]LogConfig: Setting CVar [[r.SSS.Scale:1]]
[2020.01.25-11.41.15:450][  0]LogConfig: Setting CVar [[r.SSS.SampleSet:2]]
[2020.01.25-11.41.15:450][  0]LogConfig: Setting CVar [[r.SSS.Quality:1]]
[2020.01.25-11.41.15:450][  0]LogConfig: Setting CVar [[r.SSS.HalfRes:1]]
[2020.01.25-11.41.15:450][  0]LogConfig: Setting CVar [[r.EmitterSpawnRateScale:1.0]]
[2020.01.25-11.41.15:450][  0]LogConfig: Setting CVar [[r.ParticleLightQuality:2]]
[2020.01.25-11.41.15:450][  0]LogConfig: Applying CVar settings from Section [FoliageQuality@3] File [F:/SNACK/MagicSeaweed/MagicSeaweed/Saved/Config/Windows/Scalability.ini]
[2020.01.25-11.41.15:450][  0]LogConfig: Setting CVar [[foliage.DensityScale:1.0]]
[2020.01.25-11.41.15:450][  0]LogConfig: Setting CVar [[grass.DensityScale:1.0]]
[2020.01.25-11.41.15:450][  0]LogConfig: Applying CVar settings from Section [Startup] File [../../../Engine/Config/ConsoleVariables.ini]
[2020.01.25-11.41.15:451][  0]LogConfig: Setting CVar [[net.UseAdaptiveNetUpdateFrequency:0]]
[2020.01.25-11.41.15:451][  0]LogConfig: Setting CVar [[p.chaos.AllowCreatePhysxBodies:1]]
[2020.01.25-11.41.15:451][  0]LogConfig: Applying CVar settings from Section [ConsoleVariables] File [F:/SNACK/MagicSeaweed/MagicSeaweed/Saved/Config/Windows/Engine.ini]
[2020.01.25-11.41.15:451][  0]LogInit: Computer: ARTEMPC
[2020.01.25-11.41.15:451][  0]LogInit: User: Artem
[2020.01.25-11.41.15:451][  0]LogInit: CPU Page size=4096, Cores=4
[2020.01.25-11.41.15:451][  0]LogInit: High frequency timer resolution =10.000000 MHz
[2020.01.25-11.41.15:451][  0]LogMemory: Memory total: Physical=15.9GB (16GB approx)
[2020.01.25-11.41.15:451][  0]LogMemory: Platform Memory Stats for Windows
[2020.01.25-11.41.15:451][  0]LogMemory: Process Physical Memory: 100.76 MB used, 100.77 MB peak
[2020.01.25-11.41.15:451][  0]LogMemory: Process Virtual Memory: 88.76 MB used, 88.76 MB peak
[2020.01.25-11.41.15:451][  0]LogMemory: Physical Memory: 7402.24 MB used,  8901.00 MB free, 16303.24 MB total
[2020.01.25-11.41.15:451][  0]LogMemory: Virtual Memory: 4656.48 MB used,  134213072.00 MB free, 134217728.00 MB total
[2020.01.25-11.41.15:456][  0]LogWindows: WindowsPlatformFeatures enabled
[2020.01.25-11.41.15:481][  0]LogInit: Using OS detected language (en-US).
[2020.01.25-11.41.15:481][  0]LogInit: Using OS detected locale (en-US).
[2020.01.25-11.41.15:481][  0]LogTextLocalizationManager: No specific localization for 'en-US' exists, so the 'en' localization will be used.
[2020.01.25-11.41.15:715][  0]LogInit: Setting process to per monitor DPI aware
[2020.01.25-11.41.15:824][  0]LogSlate: New Slate User Created.  User Index 0, Is Virtual User: 0
[2020.01.25-11.41.15:824][  0]LogSlate: Slate User Registered.  User Index 0, Is Virtual User: 0
[2020.01.25-11.41.16:020][  0]LogHMD: Failed to initialize OpenVR with code 105
[2020.01.25-11.41.16:020][  0]LogD3D11RHI: D3D11 adapters:
[2020.01.25-11.41.16:102][  0]LogD3D11RHI:    0. 'NVIDIA GeForce GTX 970' (Feature Level 11_0)
[2020.01.25-11.41.16:102][  0]LogD3D11RHI:       4043/0/8151 MB DedicatedVideo/DedicatedSystem/SharedSystem, Outputs:2, VendorId:0x10de
[2020.01.25-11.41.16:105][  0]LogD3D11RHI:    1. 'Microsoft Basic Render Driver' (Feature Level 11_0)
[2020.01.25-11.41.16:105][  0]LogD3D11RHI:       0/0/8151 MB DedicatedVideo/DedicatedSystem/SharedSystem, Outputs:0, VendorId:0x1414
[2020.01.25-11.41.16:105][  0]LogD3D11RHI: Chosen D3D11 Adapter: 0
[2020.01.25-11.41.16:114][  0]LogD3D11RHI: Creating new Direct3DDevice
[2020.01.25-11.41.16:114][  0]LogD3D11RHI:     GPU DeviceId: 0x13c2 (for the marketing name, search the web for "GPU Device Id")
[2020.01.25-11.41.16:114][  0]LogWindows: EnumDisplayDevices:
[2020.01.25-11.41.16:114][  0]LogWindows:    0. 'NVIDIA GeForce GTX 970' (P:1 D:1)
[2020.01.25-11.41.16:115][  0]LogWindows:    1. 'NVIDIA GeForce GTX 970' (P:0 D:1)
[2020.01.25-11.41.16:115][  0]LogWindows:    2. 'NVIDIA GeForce GTX 970' (P:0 D:0)
[2020.01.25-11.41.16:115][  0]LogWindows:    3. 'NVIDIA GeForce GTX 970' (P:0 D:0)
[2020.01.25-11.41.16:116][  0]LogWindows: DebugString: FoundDriverCount:4 
[2020.01.25-11.41.16:116][  0]LogD3D11RHI:     Adapter Name: NVIDIA GeForce GTX 970
[2020.01.25-11.41.16:116][  0]LogD3D11RHI:   Driver Version: 441.87 (internal:26.21.14.4187, unified:441.87)
[2020.01.25-11.41.16:116][  0]LogD3D11RHI:      Driver Date: 12-24-2019
[2020.01.25-11.41.16:116][  0]LogRHI: Texture pool is 2830 MB (70% of 4043 MB)
[2020.01.25-11.41.16:173][  0]LogD3D11RHI: Async texture creation enabled
[2020.01.25-11.41.16:199][  0]LogD3D11RHI: GPU Timing Frequency: 1000.000000 (Debug: 2 1)
[2020.01.25-11.41.16:606][  0]LogTemp: Display: Module 'AllDesktopTargetPlatform' loaded TargetPlatform 'AllDesktop'
[2020.01.25-11.41.16:615][  0]LogTemp: Display: Module 'MacClientTargetPlatform' loaded TargetPlatform 'MacClient'
[2020.01.25-11.41.16:625][  0]LogTemp: Display: Module 'MacNoEditorTargetPlatform' loaded TargetPlatform 'MacNoEditor'
[2020.01.25-11.41.16:637][  0]LogTemp: Display: Module 'MacServerTargetPlatform' loaded TargetPlatform 'MacServer'
[2020.01.25-11.41.16:647][  0]LogTemp: Display: Module 'MacTargetPlatform' loaded TargetPlatform 'Mac'
[2020.01.25-11.41.16:657][  0]LogTemp: Display: Module 'WindowsClientTargetPlatform' loaded TargetPlatform 'WindowsClient'
[2020.01.25-11.41.16:667][  0]LogTemp: Display: Module 'WindowsNoEditorTargetPlatform' loaded TargetPlatform 'WindowsNoEditor'
[2020.01.25-11.41.16:678][  0]LogTemp: Display: Module 'WindowsServerTargetPlatform' loaded TargetPlatform 'WindowsServer'
[2020.01.25-11.41.16:682][  0]LogTemp: Display: Module 'WindowsTargetPlatform' loaded TargetPlatform 'Windows'
[2020.01.25-11.41.16:730][  0]LogTemp: Display: Module 'AndroidTargetPlatform' loaded TargetPlatform 'Android'
[2020.01.25-11.41.16:730][  0]LogTemp: Display: Module 'AndroidTargetPlatform' loaded TargetPlatform 'Android_ASTC'
[2020.01.25-11.41.16:730][  0]LogTemp: Display: Module 'AndroidTargetPlatform' loaded TargetPlatform 'Android_ATC'
[2020.01.25-11.41.16:730][  0]LogTemp: Display: Module 'AndroidTargetPlatform' loaded TargetPlatform 'Android_DXT'
[2020.01.25-11.41.16:730][  0]LogTemp: Display: Module 'AndroidTargetPlatform' loaded TargetPlatform 'Android_ETC1'
[2020.01.25-11.41.16:730][  0]LogTemp: Display: Module 'AndroidTargetPlatform' loaded TargetPlatform 'Android_ETC1a'
[2020.01.25-11.41.16:730][  0]LogTemp: Display: Module 'AndroidTargetPlatform' loaded TargetPlatform 'Android_ETC2'
[2020.01.25-11.41.16:730][  0]LogTemp: Display: Module 'AndroidTargetPlatform' loaded TargetPlatform 'Android_PVRTC'
[2020.01.25-11.41.16:730][  0]LogTemp: Display: Module 'AndroidTargetPlatform' loaded TargetPlatform 'AndroidClient'
[2020.01.25-11.41.16:730][  0]LogTemp: Display: Module 'AndroidTargetPlatform' loaded TargetPlatform 'Android_ASTCClient'
[2020.01.25-11.41.16:730][  0]LogTemp: Display: Module 'AndroidTargetPlatform' loaded TargetPlatform 'Android_ATCClient'
[2020.01.25-11.41.16:730][  0]LogTemp: Display: Module 'AndroidTargetPlatform' loaded TargetPlatform 'Android_DXTClient'
[2020.01.25-11.41.16:730][  0]LogTemp: Display: Module 'AndroidTargetPlatform' loaded TargetPlatform 'Android_ETC1Client'
[2020.01.25-11.41.16:730][  0]LogTemp: Display: Module 'AndroidTargetPlatform' loaded TargetPlatform 'Android_ETC1aClient'
[2020.01.25-11.41.16:730][  0]LogTemp: Display: Module 'AndroidTargetPlatform' loaded TargetPlatform 'Android_ETC2Client'
[2020.01.25-11.41.16:730][  0]LogTemp: Display: Module 'AndroidTargetPlatform' loaded TargetPlatform 'Android_PVRTCClient'
[2020.01.25-11.41.16:730][  0]LogTemp: Display: Module 'AndroidTargetPlatform' loaded TargetPlatform 'Android_Multi'
[2020.01.25-11.41.16:730][  0]LogTemp: Display: Module 'AndroidTargetPlatform' loaded TargetPlatform 'Android_MultiClient'
[2020.01.25-11.41.16:731][  0]LogTemp: Display: Module 'HTML5TargetPlatform' loaded TargetPlatform 'HTML5'
[2020.01.25-11.41.16:758][  0]LogTemp: Display: Module 'IOSTargetPlatform' loaded TargetPlatform 'IOSClient'
[2020.01.25-11.41.16:758][  0]LogTemp: Display: Module 'IOSTargetPlatform' loaded TargetPlatform 'IOS'
[2020.01.25-11.41.16:777][  0]LogTemp: Display: Module 'TVOSTargetPlatform' loaded TargetPlatform 'TVOSClient'
[2020.01.25-11.41.16:778][  0]LogTemp: Display: Module 'TVOSTargetPlatform' loaded TargetPlatform 'TVOS'
[2020.01.25-11.41.16:787][  0]LogTemp: Display: Module 'LinuxClientTargetPlatform' loaded TargetPlatform 'LinuxClient'
[2020.01.25-11.41.16:795][  0]LogTemp: Display: Module 'LinuxNoEditorTargetPlatform' loaded TargetPlatform 'LinuxNoEditor'
[2020.01.25-11.41.16:804][  0]LogTemp: Display: Module 'LinuxServerTargetPlatform' loaded TargetPlatform 'LinuxServer'
[2020.01.25-11.41.16:815][  0]LogTemp: Display: Module 'LinuxTargetPlatform' loaded TargetPlatform 'Linux'
[2020.01.25-11.41.16:853][  0]LogTemp: Display: Module 'LuminTargetPlatform' loaded TargetPlatform 'Lumin'
[2020.01.25-11.41.16:853][  0]LogTemp: Display: Module 'LuminTargetPlatform' loaded TargetPlatform 'LuminClient'
[2020.01.25-11.41.16:853][  0]LogTargetPlatformManager: Display: Building Assets For Windows
[2020.01.25-11.41.16:862][  0]LogAudioDebug: Display: Lib vorbis DLL was dynamically loaded.
[2020.01.25-11.41.16:912][  0]LogShaderCompilers: Guid format shader working directory is 11 characters bigger than the processId version (F:/SNACK/MagicSeaweed/MagicSeaweed/Intermediate/Shaders/WorkingDirectory/21160/).
[2020.01.25-11.41.16:912][  0]LogShaderCompilers: Cleaned the shader compiler working directory 'C:/Users/Artem/AppData/Local/Temp/UnrealShaderWorkingDir/A92C7A4643250B6AB14D3A94CC585A85/'.
[2020.01.25-11.41.16:914][  0]LogXGEController: Cannot use XGE Controller as Incredibuild is not installed on this machine.
[2020.01.25-11.41.16:915][  0]LogShaderCompilers: Cannot use XGE Shader Compiler as Incredibuild is not installed on this machine.
[2020.01.25-11.41.16:915][  0]LogShaderCompilers: Display: Using Local Shader Compiler.
[2020.01.25-11.41.17:726][  0]LogDerivedDataCache: Display: Max Cache Size: 512 MB
[2020.01.25-11.41.17:791][  0]LogDerivedDataCache: Loaded boot cache 0.06s 73MB C:/Users/Artem/AppData/Local/UnrealEngine/4.23/DerivedDataCache/Boot.ddc.
[2020.01.25-11.41.17:791][  0]LogDerivedDataCache: Display: Loaded Boot cache: C:/Users/Artem/AppData/Local/UnrealEngine/4.23/DerivedDataCache/Boot.ddc
[2020.01.25-11.41.17:791][  0]LogDerivedDataCache: FDerivedDataBackendGraph:  Pak pak cache file F:/SNACK/MagicSeaweed/MagicSeaweed/DerivedDataCache/DDC.ddp not found, will not use a pak cache.
[2020.01.25-11.41.17:791][  0]LogDerivedDataCache: Unable to find inner node Pak for hierarchical cache Hierarchy.
[2020.01.25-11.41.17:792][  0]LogDerivedDataCache: FDerivedDataBackendGraph:  CompressedPak pak cache file F:/SNACK/MagicSeaweed/MagicSeaweed/DerivedDataCache/Compressed.ddp not found, will not use a pak cache.
[2020.01.25-11.41.17:792][  0]LogDerivedDataCache: Unable to find inner node CompressedPak for hierarchical cache Hierarchy.
[2020.01.25-11.41.17:804][  0]LogDerivedDataCache: Display: Pak cache opened for reading ../../../Engine/DerivedDataCache/Compressed.ddp.
[2020.01.25-11.41.17:804][  0]LogDerivedDataCache: FDerivedDataBackendGraph:  EnterprisePak pak cache file ../../../Enterprise/DerivedDataCache/Compressed.ddp not found, will not use a pak cache.
[2020.01.25-11.41.17:804][  0]LogDerivedDataCache: Unable to find inner node EnterprisePak for hierarchical cache Hierarchy.
[2020.01.25-11.41.17:805][  0]LogDerivedDataCache: Using Local data cache path C:/Users/Artem/AppData/Local/UnrealEngine/Common/DerivedDataCache: Writable
[2020.01.25-11.41.17:805][  0]LogDerivedDataCache: Shared data cache path not found in *engine.ini, will not use an Shared cache.
[2020.01.25-11.41.17:805][  0]LogDerivedDataCache: Unable to find inner node Shared for hierarchical cache Hierarchy.
[2020.01.25-11.41.17:838][  0]LogMaterial: Verifying Global Shaders for PCD3D_SM5
[2020.01.25-11.41.17:841][  0]LogSlate: Using FreeType 2.6.0
[2020.01.25-11.41.17:842][  0]LogSlate: SlateFontServices - WITH_FREETYPE: 1, WITH_HARFBUZZ: 1
[2020.01.25-11.41.17:907][  0]LogAssetRegistry: FAssetRegistry took 0.0037 seconds to start up
[2020.01.25-11.41.18:259][  0]LogInit: Selected Device Profile: [Windows]
[2020.01.25-11.41.18:436][  0]LogMeshReduction: Using QuadricMeshReduction for automatic static mesh reduction
[2020.01.25-11.41.18:436][  0]LogMeshReduction: Using SimplygonMeshReduction for automatic skeletal mesh reduction
[2020.01.25-11.41.18:436][  0]LogMeshReduction: Using ProxyLODMeshReduction for automatic mesh merging
[2020.01.25-11.41.18:436][  0]LogMeshReduction: No distributed automatic mesh merging module available
[2020.01.25-11.41.18:436][  0]LogMeshMerging: No distributed automatic mesh merging module available
[2020.01.25-11.41.18:446][  0]LogNetVersion: MagicSeaweed 1.0.0, NetCL: 8386587, EngineNetVer: 11, GameNetVer: 0 (Checksum: 1597856104)
[2020.01.25-11.41.21:201][  0]LogPackageLocalizationCache: Processed 12 localized package path(s) for 1 prioritized culture(s) in 2.225914 seconds
[2020.01.25-11.41.21:211][  0]LogUObjectArray: 43444 objects as part of root set at end of initial load.
[2020.01.25-11.41.21:211][  0]LogUObjectAllocator: 7548648 out of 0 bytes used by permanent object pool.
[2020.01.25-11.41.21:211][  0]LogUObjectArray: CloseDisregardForGC: 0/0 objects in disregard for GC pool
[2020.01.25-11.41.23:176][  0]LogTcpMessaging: Initializing TcpMessaging bridge
[2020.01.25-11.41.23:180][  0]LogUdpMessaging: Initializing bridge on interface 0.0.0.0:0 to multicast group 230.0.0.1:6666.
[2020.01.25-11.41.23:731][  0]SourceControl: Source control is disabled
[2020.01.25-11.41.23:731][  0]SourceControl: Source control is disabled
[2020.01.25-11.41.23:732][  0]SourceControl: Source control is disabled
[2020.01.25-11.41.23:733][  0]SourceControl: Source control is disabled
[2020.01.25-11.41.23:742][  0]LogVSAccessor: Display: Unable to create Visual Studio setup instance: 80040154
[2020.01.25-11.41.23:743][  0]LogVSAccessor: Display: Unable to create Visual Studio setup instance: 80040154
[2020.01.25-11.41.24:996][  0]LogAndroidPermission: UAndroidPermissionCallbackProxy::GetInstance
[2020.01.25-11.41.25:210][  0]LogOcInput: OculusInput pre-init called
[2020.01.25-11.41.25:218][  0]LogWindows: Failed to load 'OVRPlugin.dll' (GetLastError=126)
[2020.01.25-11.41.25:218][  0]LogWindows: File 'OVRPlugin.dll' does not exist
[2020.01.25-11.41.25:305][  0]LogEngine: Initializing Engine...
[2020.01.25-11.41.25:309][  0]LogHMD: Failed to initialize OpenVR with code 105
[2020.01.25-11.41.25:310][  0]LogStats: UGameplayTagsManager::InitializeManager -  0.000 s
[2020.01.25-11.41.25:586][  0]LogInit: Initializing FReadOnlyCVARCache
[2020.01.25-11.41.25:600][  0]LogAIModule: Creating AISystem for world Untitled
[2020.01.25-11.41.25:663][  0]LogInit: XAudio2 using 'Headphones (High Definition Audio Device)' : 2 channels at 48 kHz using 16 bits per sample (channel mask 0x3)
[2020.01.25-11.41.25:685][  0]LogInit: FAudioDevice initialized.
[2020.01.25-11.41.25:685][  0]LogNetVersion: Set ProjectVersion to 1.0.0.0. Version Checksum will be recalculated on next use.
[2020.01.25-11.41.25:762][  0]LogDerivedDataCache: Saved boot cache 0.08s 73MB C:/Users/Artem/AppData/Local/UnrealEngine/4.23/DerivedDataCache/Boot.ddc.
[2020.01.25-11.41.25:762][  0]LogInit: Texture streaming: Enabled
[2020.01.25-11.41.25:779][  0]LogEngineSessionManager: EngineSessionManager initialized
[2020.01.25-11.41.25:779][  0]LogEditorSessionSummary: Verbose: Initializing EditorSessionSummaryWriter for editor session tracking
[2020.01.25-11.41.25:782][  0]LogEditorSessionSummary: EditorSessionSummaryWriter initialized
[2020.01.25-11.41.25:838][  0]LogInit: Transaction tracking system initialized
[2020.01.25-11.41.25:868][  0]BlueprintLog: New page: Editor Load
[2020.01.25-11.41.26:090][  0]LocalizationService: Localization service is disabled
[2020.01.25-11.41.26:145][  0]LogLinker: Warning: Failed to load '/Game/ProjectCelery/ThirdPersonOverview': Can't find file.
[2020.01.25-11.41.26:145][  0]LogLinker: Warning: Failed to load '/Game/ProjectCelery/ThirdPersonOverview': Can't find file.
[2020.01.25-11.41.26:145][  0]LogUObjectGlobals: Warning: Failed to find object 'Class /Game/ProjectCelery/ThirdPersonOverview.ThirdPersonOverview_C'
[2020.01.25-11.41.26:169][  0]LogVSAccessor: Display: Unable to create Visual Studio setup instance: 80040154
[2020.01.25-11.41.26:169][  0]LogVSAccessor: Display: Unable to create Visual Studio setup instance: 80040154
[2020.01.25-11.41.26:806][  0]LogCook: Display: Max memory allowance for cook 16384mb min free memory 0mb
[2020.01.25-11.41.26:806][  0]LogCook: Display: Mobile HDR setting 1
[2020.01.25-11.41.27:018][  0]LogFileCache: Scanning file cache for directory 'F:/SNACK/MagicSeaweed/MagicSeaweed/Content/' took 0.30s
[2020.01.25-11.41.27:018][  0]SourceControl: Source control is disabled
[2020.01.25-11.41.27:018][  0]Cmd: MAP LOAD FILE="F:/SNACK/MagicSeaweed/MagicSeaweed/Content/VehicleBP/Maps/VehicleExampleMap.umap" TEMPLATE=0 SHOWPROGRESS=1 FEATURELEVEL=3
[2020.01.25-11.41.27:303][  0]LightingResults: New page: Lighting Build
[2020.01.25-11.41.27:306][  0]LogWorld: UWorld::CleanupWorld for Untitled, bSessionEnded=true, bCleanupResources=true
[2020.01.25-11.41.27:306][  0]MapCheck: New page: Map Check
[2020.01.25-11.41.27:306][  0]LightingResults: New page: Lighting Build
[2020.01.25-11.41.27:332][  0]LogUObjectHash: Compacting FUObjectHashTables data took   2.42ms
[2020.01.25-11.41.37:347][  0]LogAIModule: Creating AISystem for world VehicleExampleMap
[2020.01.25-11.41.37:513][  0]LogEditorServer: Finished looking for orphan Actors (0.000 secs)
[2020.01.25-11.41.37:541][  0]LogUObjectHash: Compacting FUObjectHashTables data took   3.13ms
[2020.01.25-11.41.37:542][  0]Cmd: MAP CHECKDEP NOCLEARLOG
[2020.01.25-11.41.37:542][  0]MapCheck: Map check complete: 0 Error(s), 0 Warning(s), took 0.101ms to complete.
[2020.01.25-11.41.37:542][  0]LogFileHelpers: Loading map 'VehicleExampleMap' took 10.524
[2020.01.25-11.41.37:684][  0]LogSlate: Updating window title bar state: overlay mode, drag disabled, window buttons hidden, title bar hidden
[2020.01.25-11.41.37:694][  0]LogSlate: Updating window title bar state: overlay mode, drag disabled, window buttons hidden, title bar hidden
[2020.01.25-11.41.37:703][  0]LogSlate: Updating window title bar state: overlay mode, drag disabled, window buttons hidden, title bar hidden
[2020.01.25-11.41.37:713][  0]LogSlate: Updating window title bar state: overlay mode, drag disabled, window buttons hidden, title bar hidden
[2020.01.25-11.41.37:766][  0]LogCollectionManager: Loaded 0 collections in 0.043953 seconds
[2020.01.25-11.41.37:779][  0]LogFileCache: Scanning file cache for directory 'F:/SNACK/MagicSeaweed/MagicSeaweed/Saved/Collections/' took 0.00s
[2020.01.25-11.41.37:779][  0]LogFileCache: Scanning file cache for directory 'F:/SNACK/MagicSeaweed/MagicSeaweed/Content/Developers/Artem/Collections/' took 0.00s
[2020.01.25-11.41.37:779][  0]LogFileCache: Scanning file cache for directory 'F:/SNACK/MagicSeaweed/MagicSeaweed/Content/Collections/' took 0.00s
[2020.01.25-11.41.37:779][  0]LogCollectionManager: Rebuilt the GUID cache for 0 collections in 0.000002 seconds
[2020.01.25-11.41.37:788][  0]LogContentBrowser: Native class hierarchy populated in 0.0079 seconds. Added 2865 classes and 683 folders.
[2020.01.25-11.41.37:796][  0]LogContentBrowser: Native class hierarchy updated for 'WidgetCarousel' in 0.0003 seconds. Added 0 classes and 0 folders.
[2020.01.25-11.41.38:073][  0]LogContentBrowser: Native class hierarchy updated for 'AddContentDialog' in 0.0004 seconds. Added 0 classes and 0 folders.
[2020.01.25-11.41.38:097][  0]LogContentBrowser: Native class hierarchy updated for 'SceneOutliner' in 0.0005 seconds. Added 1 classes and 2 folders.
[2020.01.25-11.41.38:458][  0]LogSlate: Took 0.000194 seconds to synchronously load lazily loaded font '../../../Engine/Content/Slate/Fonts/Roboto-Regular.ttf' (155K)
[2020.01.25-11.41.38:460][  0]LogSlate: Took 0.000151 seconds to synchronously load lazily loaded font '../../../Engine/Content/Slate/Fonts/Roboto-Bold.ttf' (160K)
[2020.01.25-11.41.38:470][  0]LogSlate: Took 0.003263 seconds to synchronously load lazily loaded font '../../../Engine/Content/Editor/Slate/Fonts/FontAwesome.ttf' (139K)
[2020.01.25-11.41.38:579][  0]LogRenderer: Reallocating scene render targets to support 1700x936 Format 10 NumSamples 1 (Frame:1).
[2020.01.25-11.41.38:749][  0]LogContentBrowser: Native class hierarchy updated for 'HierarchicalLODOutliner' in 0.0004 seconds. Added 0 classes and 0 folders.
[2020.01.25-11.41.38:749][  0]LogLoad: (Engine Initialization) Total time: 30.83 seconds
[2020.01.25-11.41.38:749][  0]LogLoad: (Engine Initialization) Total Blueprint compile time: 0.00 seconds
[2020.01.25-11.41.38:766][  0]LogRawInputWindows: Warning: Found device 0 devices
[2020.01.25-11.41.38:766][  0]LogRawInputWindows: Warning: Found device 0 devices
[2020.01.25-11.41.38:766][  0]LogRawInputWindows: Warning: Device was registered succesfully but not connected (Usage:4 UsagePage:1)
[2020.01.25-11.41.38:766][  0]LogRawInputWindows: Warning: Found device 1 devices
[2020.01.25-11.41.38:766][  0]LogRawInputWindows: Warning: Device was registered succesfully but not connected (Usage:5 UsagePage:1)
[2020.01.25-11.41.39:018][  0]LogContentStreaming: Texture pool size now 1000 MB
[2020.01.25-11.41.40:735][  8]LogSlate: Took 0.004200 seconds to synchronously load lazily loaded font '../../../Engine/Content/Slate/Fonts/Roboto-Light.ttf' (167K)
[2020.01.25-11.41.42:395][ 18]LogAssetRegistry: Asset discovery search completed in 24.4882 seconds
[2020.01.25-11.41.42:400][ 18]LogCollectionManager: Rebuilt the object cache for 0 collections in 0.000006 seconds (found 0 objects)
[2020.01.25-11.41.42:400][ 18]LogCollectionManager: Fixed up redirectors for 0 collections in 0.000086 seconds (updated 0 objects)
[2020.01.25-11.42.27:593][153]LogSlate: FSceneViewport::OnFocusLost() reason 0
[2020.01.25-11.42.27:621][153]LogAssetEditorManager: Opening Asset editor for Blueprint /Game/Blueprints/TrackGenerator.TrackGenerator
[2020.01.25-11.42.28:018][153]LogContentBrowser: Native class hierarchy updated for 'BlueprintGraph' in 0.0008 seconds. Added 121 classes and 0 folders.
[2020.01.25-11.42.29:269][153]LogAssetEditorManager: Opening Asset editor for UserDefinedStruct /Game/Data/RoadData.RoadData
[2020.01.25-11.42.29:379][153]LogSlate: Took 0.002720 seconds to synchronously load lazily loaded font '../../../Engine/Content/Slate/Fonts/Roboto-BoldCondensed.ttf' (158K)
[2020.01.25-11.42.29:506][154]LogSlate: Took 0.004009 seconds to synchronously load lazily loaded font '../../../Engine/Content/Slate/Fonts/Roboto-Italic.ttf' (157K)
[2020.01.25-11.42.30:863][256]LogSlate: Window 'TrackGenerator' being destroyed
[2020.01.25-11.42.31:828][357]LogRenderer: Reallocating scene render targets to support 2548x1400 Format 10 NumSamples 1 (Frame:31).
[2020.01.25-11.42.38:759][ 97]LogEditorSessionSummary: EditorSessionSummary sent report. Type=Shutdown, SessionId={A9FA81EA-467E-AD43-8AAC-948DE03F9C83}
[2020.01.25-11.42.38:759][ 97]LogEditorSessionSummary: EditorSessionSummary sent report. Type=Shutdown, SessionId={9B5A272B-4D11-2A5B-6D43-9BBF63F7BC4C}
[2020.01.25-11.42.38:759][ 97]LogEditorSessionSummary: EditorSessionSummary sent report. Type=Shutdown, SessionId={A322C5B2-432A-AAF0-891A-BABE74EC229C}
[2020.01.25-11.44.21:236][729]LogAssetEditorManager: Opening Asset editor for StaticMesh /Game/VehicleAdv/ArenaMesh/RoadMesh.RoadMesh
[2020.01.25-11.44.41:133][291]LogSlate: FSceneViewport::OnFocusLost() reason 2
[2020.01.25-11.44.46:538][705]LogSlate: FSceneViewport::OnFocusLost() reason 2
[2020.01.25-11.45.31:929][954]LogSlate: FSceneViewport::OnFocusLost() reason 0
[2020.01.25-11.45.31:991][955]LogWorld: UWorld::CleanupWorld for World_3, bSessionEnded=true, bCleanupResources=true
[2020.01.25-11.48.01:653][719]BlueprintLog: New page: Compile TrackGenerator
[2020.01.25-11.48.02:092][719]LogUObjectHash: Compacting FUObjectHashTables data took   9.09ms
[2020.01.25-11.48.43:607][114]BlueprintLog: New page: Compile TrackGenerator
[2020.01.25-11.48.43:982][114]LogUObjectHash: Compacting FUObjectHashTables data took   6.43ms
[2020.01.25-11.48.44:153][116]Cmd: OBJ SAVEPACKAGE PACKAGE="/Game/Blueprints/TrackGenerator" FILE="F:/SNACK/MagicSeaweed/MagicSeaweed/Content/Blueprints/TrackGenerator.uasset" SILENT=true
[2020.01.25-11.48.44:708][116]LogSavePackage: Moving 'F:/SNACK/MagicSeaweed/MagicSeaweed/Saved/TrackGenerator75EC93D54CC05071866D3EA0E9D2E816.tmp' to 'F:/SNACK/MagicSeaweed/MagicSeaweed/Content/Blueprints/TrackGenerator.uasset'
[2020.01.25-11.49.12:009][ 29]BlueprintLog: New page: Compile TrackGenerator
[2020.01.25-11.49.12:346][ 29]LogUObjectHash: Compacting FUObjectHashTables data took   5.80ms
[2020.01.25-11.49.12:703][ 58]Cmd: OBJ SAVEPACKAGE PACKAGE="/Game/Blueprints/TrackGenerator" FILE="F:/SNACK/MagicSeaweed/MagicSeaweed/Content/Blueprints/TrackGenerator.uasset" SILENT=true
[2020.01.25-11.49.12:953][ 58]LogSavePackage: Moving 'F:/SNACK/MagicSeaweed/MagicSeaweed/Saved/TrackGenerator7BBAFC034671DF8F7F73199DF29F35F7.tmp' to 'F:/SNACK/MagicSeaweed/MagicSeaweed/Content/Blueprints/TrackGenerator.uasset'
[2020.01.25-11.49.17:357][472]LogSlate: FSceneViewport::OnFocusLost() reason 0
[2020.01.25-11.49.26:451][314]LogEditorViewport: Clicking on Actor (LMB): TrackGenerator_C (TrackGenerator)
[2020.01.25-11.49.27:645][401]LogEditorViewport: Clicking on Actor (LMB): TrackGenerator_C (TrackGenerator)
[2020.01.25-11.49.47:485][802]LogSlate: FSceneViewport::OnFocusLost() reason 0
[2020.01.25-11.49.53:745][133]LogSlate: FSceneViewport::OnFocusLost() reason 0
[2020.01.25-11.49.59:149][454]LogEditorViewport: Clicking on Actor (LMB): TrackGenerator_C (TrackGenerator)
[2020.01.25-11.50.01:873][592]LogSlate: FSceneViewport::OnFocusLost() reason 0
[2020.01.25-11.50.01:948][596]Cmd: OBJ SAVEPACKAGE PACKAGE="/Game/VehicleBP/Maps/VehicleExampleMap" FILE="F:/SNACK/MagicSeaweed/MagicSeaweed/Content/VehicleBP/Maps/VehicleExampleMap.umap" SILENT=true AUTOSAVING=false KEEPDIRTY=false
[2020.01.25-11.50.02:107][596]LogUObjectHash: Compacting FUObjectHashTables data took   8.79ms
[2020.01.25-11.50.02:963][596]LogSavePackage: Moving 'F:/SNACK/MagicSeaweed/MagicSeaweed/Saved/VehicleExampleMap317620844CC885AB53B8B2AAAC41393F.tmp' to 'F:/SNACK/MagicSeaweed/MagicSeaweed/Content/VehicleBP/Maps/VehicleExampleMap.umap'
[2020.01.25-11.50.03:376][596]Cmd: OBJ SAVEPACKAGE PACKAGE="/Game/VehicleBP/Maps/VehicleExampleMap_BuiltData" FILE="F:/SNACK/MagicSeaweed/MagicSeaweed/Content/VehicleBP/Maps/VehicleExampleMap_BuiltData.uasset" SILENT=true
[2020.01.25-11.50.04:708][596]LogSavePackage: Moving 'F:/SNACK/MagicSeaweed/MagicSeaweed/Saved/VehicleExampleMap_BuiltData768A73444DCE7EC6DA85408E9EDA28DA.tmp' to 'F:/SNACK/MagicSeaweed/MagicSeaweed/Content/VehicleBP/Maps/VehicleExampleMap_BuiltData.uasset'
[2020.01.25-11.50.53:078][234]LogSlate: FSceneViewport::OnFocusLost() reason 0
[2020.01.25-11.51.39:294][713]LogEditorSessionSummary: EditorSessionSummary sent report. Type=Shutdown, SessionId={8B866823-4418-C9F2-099F-2E98259C9240}
[2020.01.25-11.51.47:246][276]LogSlate: FSceneViewport::OnFocusLost() reason 0
[2020.01.25-12.01.28:912][591]BlueprintLog: New page: Compile TrackGenerator
[2020.01.25-12.01.29:158][591]LogUObjectHash: Compacting FUObjectHashTables data took   4.86ms
[2020.01.25-12.01.29:650][646]Cmd: OBJ SAVEPACKAGE PACKAGE="/Game/Blueprints/TrackGenerator" FILE="F:/SNACK/MagicSeaweed/MagicSeaweed/Content/Blueprints/TrackGenerator.uasset" SILENT=true
[2020.01.25-12.01.29:809][646]LogSavePackage: Moving 'F:/SNACK/MagicSeaweed/MagicSeaweed/Saved/TrackGeneratorF08D9E05445EA6455CA244B23500DD4A.tmp' to 'F:/SNACK/MagicSeaweed/MagicSeaweed/Content/Blueprints/TrackGenerator.uasset'
[2020.01.25-12.03.28:044][224]LogUObjectHash: Compacting FUObjectHashTables data took   4.57ms
[2020.01.25-12.03.28:793][224]LogSavePackage: Moving 'F:/SNACK/MagicSeaweed/MagicSeaweed/Saved/VehicleExampleMap_Auto1B56410DE46454D3EBD48BAB98102C093.tmp' to 'F:/SNACK/MagicSeaweed/MagicSeaweed/Saved/Autosaves/Game/VehicleBP/Maps/VehicleExampleMap_Auto1.umap'
[2020.01.25-12.03.28:831][224]LogFileHelpers: Editor autosave (incl. sublevels) for '/Game/VehicleBP/Maps/VehicleExampleMap' took 0.823
[2020.01.25-12.03.28:832][224]LogFileHelpers: Editor autosave (incl. sublevels) for all levels took 0.823
[2020.01.25-12.03.28:833][224]OBJ SavePackage: Generating thumbnails for [0] asset(s) in package [/Game/Blueprints/TrackGenerator] ([1] browsable assets)...
[2020.01.25-12.03.28:833][224]OBJ SavePackage: Finished generating thumbnails for package [/Game/Blueprints/TrackGenerator]
[2020.01.25-12.03.28:833][224]Cmd: OBJ SAVEPACKAGE PACKAGE="/Game/Blueprints/TrackGenerator" FILE="F:/SNACK/MagicSeaweed/MagicSeaweed/Saved/Autosaves/Game/Blueprints/TrackGenerator_Auto1.uasset" SILENT=false AUTOSAVING=true
[2020.01.25-12.03.28:975][224]LogSavePackage: Moving 'F:/SNACK/MagicSeaweed/MagicSeaweed/Saved/TrackGenerator_Auto182E1FAB7409C88A2014CCCB79C8B101B.tmp' to 'F:/SNACK/MagicSeaweed/MagicSeaweed/Saved/Autosaves/Game/Blueprints/TrackGenerator_Auto1.uasset'
[2020.01.25-12.03.28:977][224]LogFileHelpers: Auto-saving content packages took 0.144
[2020.01.25-12.06.43:436][ 91]BlueprintLog: New page: Compile TrackGenerator
[2020.01.25-12.06.43:678][ 91]LogUObjectHash: Compacting FUObjectHashTables data took   4.03ms
[2020.01.25-12.06.44:041][125]Cmd: OBJ SAVEPACKAGE PACKAGE="/Game/Blueprints/TrackGenerator" FILE="F:/SNACK/MagicSeaweed/MagicSeaweed/Content/Blueprints/TrackGenerator.uasset" SILENT=true
[2020.01.25-12.06.44:174][125]LogSavePackage: Moving 'F:/SNACK/MagicSeaweed/MagicSeaweed/Saved/TrackGenerator552CE50642D3CE1ED424FC8B8D64FB4C.tmp' to 'F:/SNACK/MagicSeaweed/MagicSeaweed/Content/Blueprints/TrackGenerator.uasset'
[2020.01.25-12.06.47:211][452]LogSlate: FSceneViewport::OnFocusLost() reason 0
[2020.01.25-12.07.17:511][972]LogSlate: FSceneViewport::OnFocusLost() reason 0
[2020.01.25-12.07.36:355][630]BlueprintLog: New page: Compile TrackGenerator
[2020.01.25-12.07.36:623][630]LogUObjectHash: Compacting FUObjectHashTables data took   4.61ms
[2020.01.25-12.07.37:437][721]Cmd: OBJ SAVEPACKAGE PACKAGE="/Game/Blueprints/TrackGenerator" FILE="F:/SNACK/MagicSeaweed/MagicSeaweed/Content/Blueprints/TrackGenerator.uasset" SILENT=true
[2020.01.25-12.07.37:493][721]LogSavePackage: Moving 'F:/SNACK/MagicSeaweed/MagicSeaweed/Saved/TrackGeneratorD2C66B604C00F9F4BC135FAA731930EB.tmp' to 'F:/SNACK/MagicSeaweed/MagicSeaweed/Content/Blueprints/TrackGenerator.uasset'
[2020.01.25-12.07.39:330][921]LogUObjectHash: Compacting FUObjectHashTables data took   4.93ms
[2020.01.25-12.07.39:344][921]Cmd: OBJ SAVEPACKAGE PACKAGE="/Game/VehicleBP/Maps/VehicleExampleMap" FILE="F:/SNACK/MagicSeaweed/MagicSeaweed/Content/VehicleBP/Maps/VehicleExampleMap.umap" SILENT=true AUTOSAVING=false KEEPDIRTY=false
[2020.01.25-12.07.39:440][921]LogUObjectHash: Compacting FUObjectHashTables data took   1.41ms
[2020.01.25-12.07.39:656][921]LogSavePackage: Moving 'F:/SNACK/MagicSeaweed/MagicSeaweed/Saved/VehicleExampleMapBE7A666F4104072402488184D5B3791C.tmp' to 'F:/SNACK/MagicSeaweed/MagicSeaweed/Content/VehicleBP/Maps/VehicleExampleMap.umap'
[2020.01.25-12.07.39:686][921]LogFileHelpers: Saving map 'VehicleExampleMap' took 0.343
[2020.01.25-12.08.13:571][666]LogEditorViewport: Clicking on Actor (LMB): TrackGenerator_C (TrackGenerator)
[2020.01.25-12.08.14:991][802]LogSlate: FSceneViewport::OnFocusLost() reason 0
[2020.01.25-12.08.38:861][734]LogSlate: FSceneViewport::OnFocusLost() reason 0
[2020.01.25-12.08.38:919][741]LogTemp: Repeating last play command: Selected Viewport
[2020.01.25-12.08.38:930][741]LogBlueprintUserMessages: Early PlayInEditor Detection: Level '/Game/VehicleBP/Maps/VehicleExampleMap.VehicleExampleMap:PersistentLevel' has LevelScriptBlueprint '/Game/VehicleBP/Maps/VehicleExampleMap.VehicleExampleMap:PersistentLevel.VehicleExampleMap' with GeneratedClass '/Game/VehicleBP/Maps/VehicleExampleMap.VehicleExampleMap_C' with ClassGeneratedBy '/Game/VehicleBP/Maps/VehicleExampleMap.VehicleExampleMap:PersistentLevel.VehicleExampleMap'
[2020.01.25-12.08.38:931][741]LogPlayLevel: PlayLevel: No blueprints needed recompiling
[2020.01.25-12.08.38:932][741]PIE: New page: PIE session: VehicleExampleMap (Jan 25, 2020, 2:08:38 PM)
[2020.01.25-12.08.38:935][741]LogOnline: OSS: Creating online subsystem instance for: NULL
[2020.01.25-12.08.38:937][741]LogPlayLevel: Creating play world package: /Game/VehicleBP/Maps/UEDPIE_0_VehicleExampleMap
[2020.01.25-12.08.38:958][741]LogPlayLevel: PIE: StaticDuplicateObject took: (0.020975s)
[2020.01.25-12.08.38:959][741]LogAIModule: Creating AISystem for world VehicleExampleMap
[2020.01.25-12.08.38:960][741]LogPlayLevel: PIE: World Init took: (0.002060s)
[2020.01.25-12.08.38:960][741]LogPlayLevel: PIE: Created PIE world by copying editor world from /Game/VehicleBP/Maps/VehicleExampleMap.VehicleExampleMap to /Game/VehicleBP/Maps/UEDPIE_0_VehicleExampleMap.VehicleExampleMap (0.023469s)
[2020.01.25-12.08.38:999][741]LogUObjectHash: Compacting FUObjectHashTables data took   3.96ms
[2020.01.25-12.08.39:034][741]LogInit: XAudio2 using 'Headphones (High Definition Audio Device)' : 2 channels at 48 kHz using 16 bits per sample (channel mask 0x3)
[2020.01.25-12.08.39:045][741]LogInit: FAudioDevice initialized.
[2020.01.25-12.08.39:057][741]LogLoad: Game class is 'VehicleGameMode_C'
[2020.01.25-12.08.39:070][741]LogWorld: Bringing World /Game/VehicleBP/Maps/UEDPIE_0_VehicleExampleMap.VehicleExampleMap up for play (max tick rate 0) at 2020.01.25-13.08.39
[2020.01.25-12.08.39:071][741]LogWorld: Bringing up level for play took: 0.005758
[2020.01.25-12.08.39:072][741]LogOnline: OSS: Creating online subsystem instance for: :Context_9
[2020.01.25-12.08.39:089][741]LogContentBrowser: Native class hierarchy updated for 'MovieSceneCapture' in 0.0003 seconds. Added 20 classes and 0 folders.
[2020.01.25-12.08.39:092][741]PIE: Play in editor start time for /Game/VehicleBP/Maps/UEDPIE_0_VehicleExampleMap 0.899
[2020.01.25-12.08.39:092][741]LogBlueprintUserMessages: Late PlayInEditor Detection: Level '/Game/VehicleBP/Maps/VehicleExampleMap.VehicleExampleMap:PersistentLevel' has LevelScriptBlueprint '/Game/VehicleBP/Maps/VehicleExampleMap.VehicleExampleMap:PersistentLevel.VehicleExampleMap' with GeneratedClass '/Game/VehicleBP/Maps/VehicleExampleMap.VehicleExampleMap_C' with ClassGeneratedBy '/Game/VehicleBP/Maps/VehicleExampleMap.VehicleExampleMap:PersistentLevel.VehicleExampleMap'
[2020.01.25-12.08.41:792][ 24]LogBlueprintUserMessages: Early EndPlayMap Detection: Level '/Game/VehicleBP/Maps/VehicleExampleMap.VehicleExampleMap:PersistentLevel' has LevelScriptBlueprint '/Game/VehicleBP/Maps/VehicleExampleMap.VehicleExampleMap:PersistentLevel.VehicleExampleMap' with GeneratedClass '/Game/VehicleBP/Maps/VehicleExampleMap.VehicleExampleMap_C' with ClassGeneratedBy '/Game/VehicleBP/Maps/VehicleExampleMap.VehicleExampleMap:PersistentLevel.VehicleExampleMap'
[2020.01.25-12.08.41:792][ 24]LogSlate: Updating window title bar state: overlay mode, drag disabled, window buttons hidden, title bar hidden
[2020.01.25-12.08.41:792][ 24]LogWorld: BeginTearingDown for /Game/VehicleBP/Maps/UEDPIE_0_VehicleExampleMap
[2020.01.25-12.08.41:792][ 24]LogWorld: UWorld::CleanupWorld for VehicleExampleMap, bSessionEnded=true, bCleanupResources=true
[2020.01.25-12.08.41:810][ 24]LogPlayLevel: Display: Shutting down PIE online subsystems
[2020.01.25-12.08.41:811][ 24]LogBlueprintUserMessages: Late EndPlayMap Detection: Level '/Game/VehicleBP/Maps/VehicleExampleMap.VehicleExampleMap:PersistentLevel' has LevelScriptBlueprint '/Game/VehicleBP/Maps/VehicleExampleMap.VehicleExampleMap:PersistentLevel.VehicleExampleMap' with GeneratedClass '/Game/VehicleBP/Maps/VehicleExampleMap.VehicleExampleMap_C' with ClassGeneratedBy '/Game/VehicleBP/Maps/VehicleExampleMap.VehicleExampleMap:PersistentLevel.VehicleExampleMap'
[2020.01.25-12.08.41:853][ 24]LogSlate: Updating window title bar state: overlay mode, drag disabled, window buttons hidden, title bar hidden
[2020.01.25-12.08.41:903][ 24]LogUObjectHash: Compacting FUObjectHashTables data took   4.66ms
[2020.01.25-12.08.41:936][ 25]LogPlayLevel: Display: Destroying online subsystem :Context_9
[2020.01.25-12.08.46:847][439]LogEditorViewport: Clicking on Actor (LMB): TrackGenerator_C (TrackGenerator)
[2020.01.25-12.08.48:534][580]LogSlate: FSceneViewport::OnFocusLost() reason 0
[2020.01.25-12.08.50:221][751]LogTemp: Repeating last play command: Selected Viewport
[2020.01.25-12.08.50:228][751]LogBlueprintUserMessages: Early PlayInEditor Detection: Level '/Game/VehicleBP/Maps/VehicleExampleMap.VehicleExampleMap:PersistentLevel' has LevelScriptBlueprint '/Game/VehicleBP/Maps/VehicleExampleMap.VehicleExampleMap:PersistentLevel.VehicleExampleMap' with GeneratedClass '/Game/VehicleBP/Maps/VehicleExampleMap.VehicleExampleMap_C' with ClassGeneratedBy '/Game/VehicleBP/Maps/VehicleExampleMap.VehicleExampleMap:PersistentLevel.VehicleExampleMap'
[2020.01.25-12.08.50:228][751]LogPlayLevel: PlayLevel: No blueprints needed recompiling
[2020.01.25-12.08.50:228][751]PIE: New page: PIE session: VehicleExampleMap (Jan 25, 2020, 2:08:50 PM)
[2020.01.25-12.08.50:228][751]LogPlayLevel: Creating play world package: /Game/VehicleBP/Maps/UEDPIE_0_VehicleExampleMap
[2020.01.25-12.08.50:252][751]LogPlayLevel: PIE: StaticDuplicateObject took: (0.023997s)
[2020.01.25-12.08.50:254][751]LogAIModule: Creating AISystem for world VehicleExampleMap
[2020.01.25-12.08.50:256][751]LogPlayLevel: PIE: World Init took: (0.003826s)
[2020.01.25-12.08.50:256][751]LogPlayLevel: PIE: Created PIE world by copying editor world from /Game/VehicleBP/Maps/VehicleExampleMap.VehicleExampleMap to /Game/VehicleBP/Maps/UEDPIE_0_VehicleExampleMap.VehicleExampleMap (0.028017s)
[2020.01.25-12.08.50:333][751]LogUObjectHash: Compacting FUObjectHashTables data took   5.40ms
[2020.01.25-12.08.50:369][751]LogInit: XAudio2 using 'Headphones (High Definition Audio Device)' : 2 channels at 48 kHz using 16 bits per sample (channel mask 0x3)
[2020.01.25-12.08.50:379][751]LogInit: FAudioDevice initialized.
[2020.01.25-12.08.50:392][751]LogLoad: Game class is 'VehicleGameMode_C'
[2020.01.25-12.08.50:396][751]LogWorld: Bringing World /Game/VehicleBP/Maps/UEDPIE_0_VehicleExampleMap.VehicleExampleMap up for play (max tick rate 0) at 2020.01.25-13.08.50
[2020.01.25-12.08.50:396][751]LogWorld: Bringing up level for play took: 0.001830
[2020.01.25-12.08.50:396][751]LogOnline: OSS: Creating online subsystem instance for: :Context_10
[2020.01.25-12.08.50:398][751]PIE: Play in editor start time for /Game/VehicleBP/Maps/UEDPIE_0_VehicleExampleMap 0.205
[2020.01.25-12.08.50:398][751]LogBlueprintUserMessages: Late PlayInEditor Detection: Level '/Game/VehicleBP/Maps/VehicleExampleMap.VehicleExampleMap:PersistentLevel' has LevelScriptBlueprint '/Game/VehicleBP/Maps/VehicleExampleMap.VehicleExampleMap:PersistentLevel.VehicleExampleMap' with GeneratedClass '/Game/VehicleBP/Maps/VehicleExampleMap.VehicleExampleMap_C' with ClassGeneratedBy '/Game/VehicleBP/Maps/VehicleExampleMap.VehicleExampleMap:PersistentLevel.VehicleExampleMap'
[2020.01.25-12.09.16:783][908]LogBlueprintUserMessages: Early EndPlayMap Detection: Level '/Game/VehicleBP/Maps/VehicleExampleMap.VehicleExampleMap:PersistentLevel' has LevelScriptBlueprint '/Game/VehicleBP/Maps/VehicleExampleMap.VehicleExampleMap:PersistentLevel.VehicleExampleMap' with GeneratedClass '/Game/VehicleBP/Maps/VehicleExampleMap.VehicleExampleMap_C' with ClassGeneratedBy '/Game/VehicleBP/Maps/VehicleExampleMap.VehicleExampleMap:PersistentLevel.VehicleExampleMap'
[2020.01.25-12.09.16:783][908]LogSlate: Updating window title bar state: overlay mode, drag disabled, window buttons hidden, title bar hidden
[2020.01.25-12.09.16:783][908]LogWorld: BeginTearingDown for /Game/VehicleBP/Maps/UEDPIE_0_VehicleExampleMap
[2020.01.25-12.09.16:783][908]LogWorld: UWorld::CleanupWorld for VehicleExampleMap, bSessionEnded=true, bCleanupResources=true
[2020.01.25-12.09.16:792][908]LogPlayLevel: Display: Shutting down PIE online subsystems
[2020.01.25-12.09.16:793][908]LogBlueprintUserMessages: Late EndPlayMap Detection: Level '/Game/VehicleBP/Maps/VehicleExampleMap.VehicleExampleMap:PersistentLevel' has LevelScriptBlueprint '/Game/VehicleBP/Maps/VehicleExampleMap.VehicleExampleMap:PersistentLevel.VehicleExampleMap' with GeneratedClass '/Game/VehicleBP/Maps/VehicleExampleMap.VehicleExampleMap_C' with ClassGeneratedBy '/Game/VehicleBP/Maps/VehicleExampleMap.VehicleExampleMap:PersistentLevel.VehicleExampleMap'
[2020.01.25-12.09.16:828][908]LogSlate: Updating window title bar state: overlay mode, drag disabled, window buttons hidden, title bar hidden
[2020.01.25-12.09.16:832][908]LogUObjectHash: Compacting FUObjectHashTables data took   2.67ms
[2020.01.25-12.09.16:907][910]LogPlayLevel: Display: Destroying online subsystem :Context_10
[2020.01.25-12.09.21:707][264]LogSlate: FSceneViewport::OnFocusLost() reason 0
[2020.01.25-12.10.09:315][ 35]LogSlate: Took 0.002551 seconds to synchronously load lazily loaded font '../../../Engine/Content/Slate/Fonts/Roboto-BoldCondensedItalic.ttf' (160K)
[2020.01.25-12.10.13:816][551]BlueprintLog: New page: Compile TrackGenerator
[2020.01.25-12.10.14:072][551]LogUObjectHash: Compacting FUObjectHashTables data took   4.59ms
[2020.01.25-12.10.14:383][577]Cmd: OBJ SAVEPACKAGE PACKAGE="/Game/Blueprints/TrackGenerator" FILE="F:/SNACK/MagicSeaweed/MagicSeaweed/Content/Blueprints/TrackGenerator.uasset" SILENT=true
[2020.01.25-12.10.14:494][577]LogSavePackage: Moving 'F:/SNACK/MagicSeaweed/MagicSeaweed/Saved/TrackGenerator19E2B7574CA55C54B5917CB8881A2241.tmp' to 'F:/SNACK/MagicSeaweed/MagicSeaweed/Content/Blueprints/TrackGenerator.uasset'
[2020.01.25-12.11.57:977][522]BlueprintLog: New page: Compile TrackGenerator
[2020.01.25-12.11.58:199][522]LogUObjectHash: Compacting FUObjectHashTables data took   4.55ms
[2020.01.25-12.11.58:485][536]Cmd: OBJ SAVEPACKAGE PACKAGE="/Game/Blueprints/TrackGenerator" FILE="F:/SNACK/MagicSeaweed/MagicSeaweed/Content/Blueprints/TrackGenerator.uasset" SILENT=true
[2020.01.25-12.11.58:667][536]LogSavePackage: Moving 'F:/SNACK/MagicSeaweed/MagicSeaweed/Saved/TrackGeneratorF3FD039C438125702875EDA4CDC023E8.tmp' to 'F:/SNACK/MagicSeaweed/MagicSeaweed/Content/Blueprints/TrackGenerator.uasset'
[2020.01.25-12.12.00:504][745]Cmd: OBJ SAVEPACKAGE PACKAGE="/Game/VehicleBP/Maps/VehicleExampleMap" FILE="F:/SNACK/MagicSeaweed/MagicSeaweed/Content/VehicleBP/Maps/VehicleExampleMap.umap" SILENT=true AUTOSAVING=false KEEPDIRTY=false
[2020.01.25-12.12.00:539][745]LogUObjectHash: Compacting FUObjectHashTables data took   4.11ms
[2020.01.25-12.12.01:125][745]LogSavePackage: Moving 'F:/SNACK/MagicSeaweed/MagicSeaweed/Saved/VehicleExampleMap2F4ABF18434D472D084FDABA961723EF.tmp' to 'F:/SNACK/MagicSeaweed/MagicSeaweed/Content/VehicleBP/Maps/VehicleExampleMap.umap'
[2020.01.25-12.12.01:239][745]Cmd: OBJ SAVEPACKAGE PACKAGE="/Game/VehicleBP/Maps/VehicleExampleMap_BuiltData" FILE="F:/SNACK/MagicSeaweed/MagicSeaweed/Content/VehicleBP/Maps/VehicleExampleMap_BuiltData.uasset" SILENT=true
[2020.01.25-12.12.02:178][745]LogSavePackage: Moving 'F:/SNACK/MagicSeaweed/MagicSeaweed/Saved/VehicleExampleMap_BuiltData85230D7F4BC06A1355190FAD4C39A22E.tmp' to 'F:/SNACK/MagicSeaweed/MagicSeaweed/Content/VehicleBP/Maps/VehicleExampleMap_BuiltData.uasset'
[2020.01.25-12.12.02:692][781]LogTemp: Repeating last play command: Selected Viewport
[2020.01.25-12.12.02:723][781]LogBlueprintUserMessages: Early PlayInEditor Detection: Level '/Game/VehicleBP/Maps/VehicleExampleMap.VehicleExampleMap:PersistentLevel' has LevelScriptBlueprint '/Game/VehicleBP/Maps/VehicleExampleMap.VehicleExampleMap:PersistentLevel.VehicleExampleMap' with GeneratedClass '/Game/VehicleBP/Maps/VehicleExampleMap.VehicleExampleMap_C' with ClassGeneratedBy '/Game/VehicleBP/Maps/VehicleExampleMap.VehicleExampleMap:PersistentLevel.VehicleExampleMap'
[2020.01.25-12.12.02:723][781]LogPlayLevel: PlayLevel: No blueprints needed recompiling
[2020.01.25-12.12.02:723][781]PIE: New page: PIE session: VehicleExampleMap (Jan 25, 2020, 2:12:02 PM)
[2020.01.25-12.12.02:723][781]LogPlayLevel: Creating play world package: /Game/VehicleBP/Maps/UEDPIE_0_VehicleExampleMap
[2020.01.25-12.12.02:744][781]LogPlayLevel: PIE: StaticDuplicateObject took: (0.021093s)
[2020.01.25-12.12.02:744][781]LogAIModule: Creating AISystem for world VehicleExampleMap
[2020.01.25-12.12.02:744][781]LogPlayLevel: PIE: World Init took: (0.000891s)
[2020.01.25-12.12.02:744][781]LogPlayLevel: PIE: Created PIE world by copying editor world from /Game/VehicleBP/Maps/VehicleExampleMap.VehicleExampleMap to /Game/VehicleBP/Maps/UEDPIE_0_VehicleExampleMap.VehicleExampleMap (0.022099s)
[2020.01.25-12.12.02:783][781]LogUObjectHash: Compacting FUObjectHashTables data took   4.85ms
[2020.01.25-12.12.02:820][781]LogInit: XAudio2 using 'Headphones (High Definition Audio Device)' : 2 channels at 48 kHz using 16 bits per sample (channel mask 0x3)
[2020.01.25-12.12.02:831][781]LogInit: FAudioDevice initialized.
[2020.01.25-12.12.02:840][781]LogLoad: Game class is 'VehicleGameMode_C'
[2020.01.25-12.12.02:844][781]LogWorld: Bringing World /Game/VehicleBP/Maps/UEDPIE_0_VehicleExampleMap.VehicleExampleMap up for play (max tick rate 0) at 2020.01.25-13.12.02
[2020.01.25-12.12.02:845][781]LogWorld: Bringing up level for play took: 0.001874
[2020.01.25-12.12.02:845][781]LogOnline: OSS: Creating online subsystem instance for: :Context_11
[2020.01.25-12.12.02:847][781]PIE: Play in editor start time for /Game/VehicleBP/Maps/UEDPIE_0_VehicleExampleMap 0.654
[2020.01.25-12.12.02:847][781]LogBlueprintUserMessages: Late PlayInEditor Detection: Level '/Game/VehicleBP/Maps/VehicleExampleMap.VehicleExampleMap:PersistentLevel' has LevelScriptBlueprint '/Game/VehicleBP/Maps/VehicleExampleMap.VehicleExampleMap:PersistentLevel.VehicleExampleMap' with GeneratedClass '/Game/VehicleBP/Maps/VehicleExampleMap.VehicleExampleMap_C' with ClassGeneratedBy '/Game/VehicleBP/Maps/VehicleExampleMap.VehicleExampleMap:PersistentLevel.VehicleExampleMap'
[2020.01.25-12.12.13:822][ 95]LogBlueprintUserMessages: Early EndPlayMap Detection: Level '/Game/VehicleBP/Maps/VehicleExampleMap.VehicleExampleMap:PersistentLevel' has LevelScriptBlueprint '/Game/VehicleBP/Maps/VehicleExampleMap.VehicleExampleMap:PersistentLevel.VehicleExampleMap' with GeneratedClass '/Game/VehicleBP/Maps/VehicleExampleMap.VehicleExampleMap_C' with ClassGeneratedBy '/Game/VehicleBP/Maps/VehicleExampleMap.VehicleExampleMap:PersistentLevel.VehicleExampleMap'
[2020.01.25-12.12.13:823][ 95]LogSlate: Updating window title bar state: overlay mode, drag disabled, window buttons hidden, title bar hidden
[2020.01.25-12.12.13:823][ 95]LogWorld: BeginTearingDown for /Game/VehicleBP/Maps/UEDPIE_0_VehicleExampleMap
[2020.01.25-12.12.13:823][ 95]LogWorld: UWorld::CleanupWorld for VehicleExampleMap, bSessionEnded=true, bCleanupResources=true
[2020.01.25-12.12.13:842][ 95]LogPlayLevel: Display: Shutting down PIE online subsystems
[2020.01.25-12.12.13:843][ 95]LogBlueprintUserMessages: Late EndPlayMap Detection: Level '/Game/VehicleBP/Maps/VehicleExampleMap.VehicleExampleMap:PersistentLevel' has LevelScriptBlueprint '/Game/VehicleBP/Maps/VehicleExampleMap.VehicleExampleMap:PersistentLevel.VehicleExampleMap' with GeneratedClass '/Game/VehicleBP/Maps/VehicleExampleMap.VehicleExampleMap_C' with ClassGeneratedBy '/Game/VehicleBP/Maps/VehicleExampleMap.VehicleExampleMap:PersistentLevel.VehicleExampleMap'
[2020.01.25-12.12.13:881][ 95]LogSlate: Updating window title bar state: overlay mode, drag disabled, window buttons hidden, title bar hidden
[2020.01.25-12.12.13:886][ 95]LogUObjectHash: Compacting FUObjectHashTables data took   3.77ms
[2020.01.25-12.12.13:965][ 97]LogPlayLevel: Display: Destroying online subsystem :Context_11
[2020.01.25-12.12.14:577][169]LogSlate: FSceneViewport::OnFocusLost() reason 0
[2020.01.25-12.12.14:652][178]LogTemp: Repeating last play command: Selected Viewport
[2020.01.25-12.12.14:659][178]LogBlueprintUserMessages: Early PlayInEditor Detection: Level '/Game/VehicleBP/Maps/VehicleExampleMap.VehicleExampleMap:PersistentLevel' has LevelScriptBlueprint '/Game/VehicleBP/Maps/VehicleExampleMap.VehicleExampleMap:PersistentLevel.VehicleExampleMap' with GeneratedClass '/Game/VehicleBP/Maps/VehicleExampleMap.VehicleExampleMap_C' with ClassGeneratedBy '/Game/VehicleBP/Maps/VehicleExampleMap.VehicleExampleMap:PersistentLevel.VehicleExampleMap'
[2020.01.25-12.12.14:659][178]LogPlayLevel: PlayLevel: No blueprints needed recompiling
[2020.01.25-12.12.14:659][178]PIE: New page: PIE session: VehicleExampleMap (Jan 25, 2020, 2:12:14 PM)
[2020.01.25-12.12.14:659][178]LogPlayLevel: Creating play world package: /Game/VehicleBP/Maps/UEDPIE_0_VehicleExampleMap
[2020.01.25-12.12.14:676][178]LogPlayLevel: PIE: StaticDuplicateObject took: (0.017165s)
[2020.01.25-12.12.14:677][178]LogAIModule: Creating AISystem for world VehicleExampleMap
[2020.01.25-12.12.14:677][178]LogPlayLevel: PIE: World Init took: (0.001177s)
[2020.01.25-12.12.14:677][178]LogPlayLevel: PIE: Created PIE world by copying editor world from /Game/VehicleBP/Maps/VehicleExampleMap.VehicleExampleMap to /Game/VehicleBP/Maps/UEDPIE_0_VehicleExampleMap.VehicleExampleMap (0.018469s)
[2020.01.25-12.12.14:713][178]LogUObjectHash: Compacting FUObjectHashTables data took   3.91ms
[2020.01.25-12.12.14:743][178]LogInit: XAudio2 using 'Headphones (High Definition Audio Device)' : 2 channels at 48 kHz using 16 bits per sample (channel mask 0x3)
[2020.01.25-12.12.14:752][178]LogInit: FAudioDevice initialized.
[2020.01.25-12.12.14:763][178]LogLoad: Game class is 'VehicleGameMode_C'
[2020.01.25-12.12.14:767][178]LogWorld: Bringing World /Game/VehicleBP/Maps/UEDPIE_0_VehicleExampleMap.VehicleExampleMap up for play (max tick rate 0) at 2020.01.25-13.12.14
[2020.01.25-12.12.14:767][178]LogWorld: Bringing up level for play took: 0.002087
[2020.01.25-12.12.14:767][178]LogOnline: OSS: Creating online subsystem instance for: :Context_12
[2020.01.25-12.12.14:769][178]PIE: Play in editor start time for /Game/VehicleBP/Maps/UEDPIE_0_VehicleExampleMap 0.576
[2020.01.25-12.12.14:769][178]LogBlueprintUserMessages: Late PlayInEditor Detection: Level '/Game/VehicleBP/Maps/VehicleExampleMap.VehicleExampleMap:PersistentLevel' has LevelScriptBlueprint '/Game/VehicleBP/Maps/VehicleExampleMap.VehicleExampleMap:PersistentLevel.VehicleExampleMap' with GeneratedClass '/Game/VehicleBP/Maps/VehicleExampleMap.VehicleExampleMap_C' with ClassGeneratedBy '/Game/VehicleBP/Maps/VehicleExampleMap.VehicleExampleMap:PersistentLevel.VehicleExampleMap'
[2020.01.25-12.12.19:453][737]LogBlueprintUserMessages: Early EndPlayMap Detection: Level '/Game/VehicleBP/Maps/VehicleExampleMap.VehicleExampleMap:PersistentLevel' has LevelScriptBlueprint '/Game/VehicleBP/Maps/VehicleExampleMap.VehicleExampleMap:PersistentLevel.VehicleExampleMap' with GeneratedClass '/Game/VehicleBP/Maps/VehicleExampleMap.VehicleExampleMap_C' with ClassGeneratedBy '/Game/VehicleBP/Maps/VehicleExampleMap.VehicleExampleMap:PersistentLevel.VehicleExampleMap'
[2020.01.25-12.12.19:453][737]LogSlate: Updating window title bar state: overlay mode, drag disabled, window buttons hidden, title bar hidden
[2020.01.25-12.12.19:453][737]LogWorld: BeginTearingDown for /Game/VehicleBP/Maps/UEDPIE_0_VehicleExampleMap
[2020.01.25-12.12.19:453][737]LogWorld: UWorld::CleanupWorld for VehicleExampleMap, bSessionEnded=true, bCleanupResources=true
[2020.01.25-12.12.19:465][737]LogPlayLevel: Display: Shutting down PIE online subsystems
[2020.01.25-12.12.19:465][737]LogBlueprintUserMessages: Late EndPlayMap Detection: Level '/Game/VehicleBP/Maps/VehicleExampleMap.VehicleExampleMap:PersistentLevel' has LevelScriptBlueprint '/Game/VehicleBP/Maps/VehicleExampleMap.VehicleExampleMap:PersistentLevel.VehicleExampleMap' with GeneratedClass '/Game/VehicleBP/Maps/VehicleExampleMap.VehicleExampleMap_C' with ClassGeneratedBy '/Game/VehicleBP/Maps/VehicleExampleMap.VehicleExampleMap:PersistentLevel.VehicleExampleMap'
[2020.01.25-12.12.19:504][737]LogSlate: Updating window title bar state: overlay mode, drag disabled, window buttons hidden, title bar hidden
[2020.01.25-12.12.19:508][737]LogUObjectHash: Compacting FUObjectHashTables data took   2.97ms
[2020.01.25-12.12.19:578][739]LogPlayLevel: Display: Destroying online subsystem :Context_12
[2020.01.25-12.12.42:526][249]LogSlate: FSceneViewport::OnFocusLost() reason 0
[2020.01.25-12.12.53:403][493]BlueprintLog: New page: Compile TrackGenerator
[2020.01.25-12.12.53:676][493]LogUObjectHash: Compacting FUObjectHashTables data took   3.81ms
[2020.01.25-12.12.53:920][513]Cmd: OBJ SAVEPACKAGE PACKAGE="/Game/Blueprints/TrackGenerator" FILE="F:/SNACK/MagicSeaweed/MagicSeaweed/Content/Blueprints/TrackGenerator.uasset" SILENT=true
[2020.01.25-12.12.53:976][513]LogSavePackage: Moving 'F:/SNACK/MagicSeaweed/MagicSeaweed/Saved/TrackGenerator2A64598845ED4003BF2BC9A36A0CAB50.tmp' to 'F:/SNACK/MagicSeaweed/MagicSeaweed/Content/Blueprints/TrackGenerator.uasset'
[2020.01.25-12.13.25:684][118]LogUObjectHash: Compacting FUObjectHashTables data took   4.57ms
[2020.01.25-12.13.25:691][118]LogSlate: FSceneViewport::OnFocusLost() reason 5
[2020.01.25-12.13.25:697][118]Cmd: OBJ SAVEPACKAGE PACKAGE="/Game/VehicleBP/Maps/VehicleExampleMap" FILE="F:/SNACK/MagicSeaweed/MagicSeaweed/Content/VehicleBP/Maps/VehicleExampleMap.umap" SILENT=true AUTOSAVING=false KEEPDIRTY=false
[2020.01.25-12.13.25:722][118]LogUObjectHash: Compacting FUObjectHashTables data took   0.90ms
[2020.01.25-12.13.26:106][118]LogSavePackage: Moving 'F:/SNACK/MagicSeaweed/MagicSeaweed/Saved/VehicleExampleMap7B9820C2434B79890D3E6EA87E0A203A.tmp' to 'F:/SNACK/MagicSeaweed/MagicSeaweed/Content/VehicleBP/Maps/VehicleExampleMap.umap'
[2020.01.25-12.13.26:129][118]LogFileHelpers: Saving map 'VehicleExampleMap' took 0.433
